#
# There is insufficient memory for the Java Runtime Environment to continue.
# Native memory allocation (mmap) failed to map 20971520 bytes for committing reserved memory.
# Possible reasons:
#   The system is out of physical RAM or swap space
#   In 32 bit mode, the process size limit was hit
# Possible solutions:
#   Reduce memory load on the system
#   Increase physical memory or swap space
#   Check if swap backing store is full
#   Use 64 bit Java on a 64 bit OS
#   Decrease Java heap size (-Xmx/-Xms)
#   Decrease number of Java threads
#   Decrease Java thread stack sizes (-Xss)
#   Set larger code cache with -XX:ReservedCodeCacheSize=
# This output file may be truncated or incomplete.
#
#  Out of Memory Error (os_linux.cpp:2651), pid=22074, tid=0x00007fd3a1f04700
#
# JRE version: OpenJDK Runtime Environment (8.0_131-b12) (build 1.8.0_131-b12)
# Java VM: OpenJDK 64-Bit Server VM (25.131-b12 mixed mode linux-amd64 compressed oops)
# Core dump written. Default location: /home/sgeorgiou/GitHub/SEMTs_Comparisson/powerapi-cli/bin/core or core.22074
#

---------------  T H R E A D  ---------------

Current thread (0x00007fd3b4089800):  VMThread [stack: 0x00007fd3a1e04000,0x00007fd3a1f05000] [id=22140]

Stack: [0x00007fd3a1e04000,0x00007fd3a1f05000],  sp=0x00007fd3a1f034b0,  free space=1021k
Native frames: (J=compiled Java code, j=interpreted, Vv=VM code, C=native code)
V  [libjvm.so+0xb1a810]
V  [libjvm.so+0x4e623c]
V  [libjvm.so+0x8f09d0]
V  [libjvm.so+0x8eb05e]
V  [libjvm.so+0x96732e]
V  [libjvm.so+0x9686b3]
V  [libjvm.so+0x964d73]
V  [libjvm.so+0x96501c]
V  [libjvm.so+0x9156a3]
V  [libjvm.so+0xb1c482]
V  [libjvm.so+0xb21627]
V  [libjvm.so+0xb1ed87]
V  [libjvm.so+0xb20206]
V  [libjvm.so+0xb2071d]
V  [libjvm.so+0x8edf62]

VM_Operation (0x00007fd378b579d0): ParallelGCFailedAllocation, mode: safepoint, requested by thread 0x00007fd34c014800


---------------  P R O C E S S  ---------------

Java Threads: ( => current thread )
  0x00007fd35001e800 JavaThread "PowerMeter-20784704602785-akka.actor.default-dispatcher-13" [_thread_blocked, id=27336, stack(0x00007fd378655000,0x00007fd378756000)]
  0x00007fd35001e000 JavaThread "PowerMeter-20784704602785-akka.actor.default-dispatcher-12" [_thread_blocked, id=27334, stack(0x00007fd378756000,0x00007fd378857000)]
  0x00007fd33c083000 JavaThread "PowerMeter-20784704602785-akka.actor.default-dispatcher-11" [_thread_blocked, id=27332, stack(0x00007fd378857000,0x00007fd378958000)]
  0x00007fd35801a800 JavaThread "PowerMeter-20784704602785-akka.actor.default-dispatcher-10" [_thread_blocked, id=27321, stack(0x00007fd378958000,0x00007fd378a59000)]
  0x00007fd34c014800 JavaThread "PowerMeter-20784704602785-akka.actor.default-dispatcher-9" [_thread_blocked, id=27307, stack(0x00007fd378a59000,0x00007fd378b5a000)]
  0x00007fd3b4d1d800 JavaThread "PowerMeter-20784704602785-akka.actor.default-dispatcher-8" [_thread_blocked, id=22174, stack(0x00007fd378d5a000,0x00007fd378e5b000)]
  0x00007fd350012000 JavaThread "PowerMeter-20784704602785-akka.actor.default-dispatcher-7" [_thread_blocked, id=22173, stack(0x00007fd378e5b000,0x00007fd378f5c000)]
  0x00007fd34c00b000 JavaThread "PowerMeter-20784704602785-akka.actor.default-dispatcher-6" [_thread_blocked, id=22172, stack(0x00007fd378f5c000,0x00007fd37905d000)]
  0x00007fd358015800 JavaThread "PowerMeter-20784704602785-akka.actor.default-dispatcher-5" [_thread_blocked, id=22171, stack(0x00007fd37905d000,0x00007fd37915e000)]
  0x00007fd3b4cf9800 JavaThread "PowerMeter-20784704602785-akka.actor.default-dispatcher-4" [_thread_blocked, id=22170, stack(0x00007fd37915e000,0x00007fd37925f000)]
  0x00007fd3b4cf3800 JavaThread "PowerMeter-20784704602785-akka.actor.default-dispatcher-3" [_thread_blocked, id=22169, stack(0x00007fd37925f000,0x00007fd379360000)]
  0x00007fd3b4ce4000 JavaThread "PowerMeter-20784704602785-akka.actor.default-dispatcher-2" [_thread_blocked, id=22168, stack(0x00007fd379360000,0x00007fd379461000)]
  0x00007fd3b4c5d800 JavaThread "PowerMeter-20784704602785-scheduler-1" [_thread_blocked, id=22167, stack(0x00007fd3a1469000,0x00007fd3a156a000)]
  0x00007fd3b40e0000 JavaThread "Service Thread" daemon [_thread_blocked, id=22147, stack(0x00007fd3a16fd000,0x00007fd3a17fe000)]
  0x00007fd3b40d3000 JavaThread "C1 CompilerThread2" daemon [_thread_blocked, id=22146, stack(0x00007fd3a17fe000,0x00007fd3a18ff000)]
  0x00007fd3b40d1800 JavaThread "C2 CompilerThread1" daemon [_thread_blocked, id=22145, stack(0x00007fd3a18ff000,0x00007fd3a1a00000)]
  0x00007fd3b40c4000 JavaThread "C2 CompilerThread0" daemon [_thread_blocked, id=22144, stack(0x00007fd3a1a00000,0x00007fd3a1b01000)]
  0x00007fd3b40c2000 JavaThread "Signal Dispatcher" daemon [_thread_blocked, id=22143, stack(0x00007fd3a1b01000,0x00007fd3a1c02000)]
  0x00007fd3b4097800 JavaThread "Finalizer" daemon [_thread_blocked, id=22142, stack(0x00007fd3a1c02000,0x00007fd3a1d03000)]
  0x00007fd3b4093000 JavaThread "Reference Handler" daemon [_thread_blocked, id=22141, stack(0x00007fd3a1d03000,0x00007fd3a1e04000)]
  0x00007fd3b400e800 JavaThread "main" [_thread_blocked, id=22135, stack(0x00007fd3bab60000,0x00007fd3bac61000)]

Other Threads:
=>0x00007fd3b4089800 VMThread [stack: 0x00007fd3a1e04000,0x00007fd3a1f05000] [id=22140]
  0x00007fd3b40e2800 WatcherThread [stack: 0x00007fd3a15fc000,0x00007fd3a16fd000] [id=22148]

VM state:at safepoint (normal execution)

VM Mutex/Monitor currently owned by a thread:  ([mutex/lock_event])
[0x00007fd3b400b1f0] Threads_lock - owner thread: 0x00007fd3b4089800
[0x00007fd3b400b6f0] Heap_lock - owner thread: 0x00007fd34c014800

Heap:
 PSYoungGen      total 99840K, used 2036K [0x00000000d7100000, 0x00000000df680000, 0x0000000100000000)
  eden space 94720K, 0% used [0x00000000d7100000,0x00000000d7100000,0x00000000dcd80000)
  from space 5120K, 39% used [0x00000000dec80000,0x00000000dee7d180,0x00000000df180000)
  to   space 4608K, 0% used [0x00000000df200000,0x00000000df200000,0x00000000df680000)
 ParOldGen       total 59904K, used 9190K [0x0000000085200000, 0x0000000088c80000, 0x00000000d7100000)
  object space 59904K, 15% used [0x0000000085200000,0x0000000085af9a00,0x0000000088c80000)
 Metaspace       used 25559K, capacity 25756K, committed 26112K, reserved 1071104K
  class space    used 3391K, capacity 3462K, committed 3584K, reserved 1048576K

Card table byte_map: [0x00007fd3a421d000,0x00007fd3a45f5000] byte_map_base: 0x00007fd3a3df4000

Marking Bits: (ParMarkBitMap*) 0x00007fd3b9e3daa0
 Begin Bits: [0x00007fd38c290000, 0x00007fd38e148000)
 End Bits:   [0x00007fd38e148000, 0x00007fd390000000)

Polling page: 0x00007fd3bac89000

CodeCache: size=245760Kb used=6849Kb max_used=6860Kb free=238910Kb
 bounds [0x00007fd3a49b5000, 0x00007fd3a5075000, 0x00007fd3b39b5000]
 total_blobs=2712 nmethods=2308 adapters=318
 compilation: enabled

Compilation events (10 events):
Event: 2410.188 Thread 0x00007fd3b40d3000 nmethod 2607 0x00007fd3a4dac290 code [0x00007fd3a4dac420, 0x00007fd3a4dac798]
Event: 2410.192 Thread 0x00007fd3b40d3000 2608       3       akka.actor.ActorCell::sendMessage (6 bytes)
Event: 2411.907 Thread 0x00007fd3b40d3000 nmethod 2608 0x00007fd3a4bda090 code [0x00007fd3a4bda200, 0x00007fd3a4bda388]
Event: 2426.547 Thread 0x00007fd3b40d3000 2609       3       akka.dispatch.ForkJoinExecutorConfigurator$AkkaForkJoinPool::execute (25 bytes)
Event: 2426.548 Thread 0x00007fd3b40d1800 2610       4       scala.runtime.ScalaRunTime$::hash (30 bytes)
Event: 2426.621 Thread 0x00007fd3b40d3000 nmethod 2609 0x00007fd3a4f03c10 code [0x00007fd3a4f03dc0, 0x00007fd3a4f042b8]
Event: 2454.895 Thread 0x00007fd3b40d1800 nmethod 2610 0x00007fd3a4e50550 code [0x00007fd3a4e506a0, 0x00007fd3a4e507b8]
Event: 2503.839 Thread 0x00007fd3b40c4000 2611       4       java.util.concurrent.ConcurrentLinkedQueue::first (65 bytes)
Event: 2537.061 Thread 0x00007fd3b40c4000 nmethod 2611 0x00007fd3a4df8910 code [0x00007fd3a4df8a60, 0x00007fd3a4df8bb8]
Event: 2685.079 Thread 0x00007fd3b40c4000 2612       4       akka.dispatch.MessageDispatcher::akka$dispatch$MessageDispatcher$$addInhabitants (64 bytes)

GC Heap History (10 events):
Event: 0.548 GC heap after
Heap after GC invocations=1 (full 0):
 PSYoungGen      total 36864K, used 5110K [0x00000000d7100000, 0x00000000db900000, 0x0000000100000000)
  eden space 31744K, 0% used [0x00000000d7100000,0x00000000d7100000,0x00000000d9000000)
  from space 5120K, 99% used [0x00000000d9000000,0x00000000d94fdbd8,0x00000000d9500000)
  to   space 5120K, 0% used [0x00000000db400000,0x00000000db400000,0x00000000db900000)
 ParOldGen       total 84992K, used 1171K [0x0000000085200000, 0x000000008a500000, 0x00000000d7100000)
  object space 84992K, 1% used [0x0000000085200000,0x0000000085324f88,0x000000008a500000)
 Metaspace       used 12296K, capacity 12464K, committed 12672K, reserved 1060864K
  class space    used 1569K, capacity 1636K, committed 1664K, reserved 1048576K
}
Event: 0.899 GC heap before
{Heap before GC invocations=2 (full 0):
 PSYoungGen      total 36864K, used 36854K [0x00000000d7100000, 0x00000000db900000, 0x0000000100000000)
  eden space 31744K, 100% used [0x00000000d7100000,0x00000000d9000000,0x00000000d9000000)
  from space 5120K, 99% used [0x00000000d9000000,0x00000000d94fdbd8,0x00000000d9500000)
  to   space 5120K, 0% used [0x00000000db400000,0x00000000db400000,0x00000000db900000)
 ParOldGen       total 84992K, used 1171K [0x0000000085200000, 0x000000008a500000, 0x00000000d7100000)
  object space 84992K, 1% used [0x0000000085200000,0x0000000085324f88,0x000000008a500000)
 Metaspace       used 16699K, capacity 16918K, committed 17152K, reserved 1064960K
  class space    used 2159K, capacity 2245K, committed 2304K, reserved 1048576K
Event: 0.910 GC heap after
Heap after GC invocations=2 (full 0):
 PSYoungGen      total 68608K, used 5100K [0x00000000d7100000, 0x00000000db900000, 0x0000000100000000)
  eden space 63488K, 0% used [0x00000000d7100000,0x00000000d7100000,0x00000000daf00000)
  from space 5120K, 99% used [0x00000000db400000,0x00000000db8fb380,0x00000000db900000)
  to   space 5120K, 0% used [0x00000000daf00000,0x00000000daf00000,0x00000000db400000)
 ParOldGen       total 84992K, used 2785K [0x0000000085200000, 0x000000008a500000, 0x00000000d7100000)
  object space 84992K, 3% used [0x0000000085200000,0x00000000854b84a0,0x000000008a500000)
 Metaspace       used 16699K, capacity 16918K, committed 17152K, reserved 1064960K
  class space    used 2159K, capacity 2245K, committed 2304K, reserved 1048576K
}
Event: 1.206 GC heap before
{Heap before GC invocations=3 (full 0):
 PSYoungGen      total 68608K, used 32813K [0x00000000d7100000, 0x00000000db900000, 0x0000000100000000)
  eden space 63488K, 43% used [0x00000000d7100000,0x00000000d8c10368,0x00000000daf00000)
  from space 5120K, 99% used [0x00000000db400000,0x00000000db8fb380,0x00000000db900000)
  to   space 5120K, 0% used [0x00000000daf00000,0x00000000daf00000,0x00000000db400000)
 ParOldGen       total 84992K, used 2785K [0x0000000085200000, 0x000000008a500000, 0x00000000d7100000)
  object space 84992K, 3% used [0x0000000085200000,0x00000000854b84a0,0x000000008a500000)
 Metaspace       used 20863K, capacity 21014K, committed 21296K, reserved 1067008K
  class space    used 2763K, capacity 2821K, committed 2944K, reserved 1048576K
Event: 1.222 GC heap after
Heap after GC invocations=3 (full 0):
 PSYoungGen      total 68608K, used 5092K [0x00000000d7100000, 0x00000000df700000, 0x0000000100000000)
  eden space 63488K, 0% used [0x00000000d7100000,0x00000000d7100000,0x00000000daf00000)
  from space 5120K, 99% used [0x00000000daf00000,0x00000000db3f9388,0x00000000db400000)
  to   space 5120K, 0% used [0x00000000df200000,0x00000000df200000,0x00000000df700000)
 ParOldGen       total 84992K, used 7051K [0x0000000085200000, 0x000000008a500000, 0x00000000d7100000)
  object space 84992K, 8% used [0x0000000085200000,0x00000000858e2c58,0x000000008a500000)
 Metaspace       used 20863K, capacity 21014K, committed 21296K, reserved 1067008K
  class space    used 2763K, capacity 2821K, committed 2944K, reserved 1048576K
}
Event: 1.222 GC heap before
{Heap before GC invocations=4 (full 1):
 PSYoungGen      total 68608K, used 5092K [0x00000000d7100000, 0x00000000df700000, 0x0000000100000000)
  eden space 63488K, 0% used [0x00000000d7100000,0x00000000d7100000,0x00000000daf00000)
  from space 5120K, 99% used [0x00000000daf00000,0x00000000db3f9388,0x00000000db400000)
  to   space 5120K, 0% used [0x00000000df200000,0x00000000df200000,0x00000000df700000)
 ParOldGen       total 84992K, used 7051K [0x0000000085200000, 0x000000008a500000, 0x00000000d7100000)
  object space 84992K, 8% used [0x0000000085200000,0x00000000858e2c58,0x000000008a500000)
 Metaspace       used 20863K, capacity 21014K, committed 21296K, reserved 1067008K
  class space    used 2763K, capacity 2821K, committed 2944K, reserved 1048576K
Event: 1.254 GC heap after
Heap after GC invocations=4 (full 1):
 PSYoungGen      total 68608K, used 0K [0x00000000d7100000, 0x00000000df700000, 0x0000000100000000)
  eden space 63488K, 0% used [0x00000000d7100000,0x00000000d7100000,0x00000000daf00000)
  from space 5120K, 0% used [0x00000000daf00000,0x00000000daf00000,0x00000000db400000)
  to   space 5120K, 0% used [0x00000000df200000,0x00000000df200000,0x00000000df700000)
 ParOldGen       total 59904K, used 9174K [0x0000000085200000, 0x0000000088c80000, 0x00000000d7100000)
  object space 59904K, 15% used [0x0000000085200000,0x0000000085af5a00,0x0000000088c80000)
 Metaspace       used 20863K, capacity 21014K, committed 21296K, reserved 1067008K
  class space    used 2763K, capacity 2821K, committed 2944K, reserved 1048576K
}
Event: 829.355 GC heap before
{Heap before GC invocations=5 (full 1):
 PSYoungGen      total 68608K, used 63488K [0x00000000d7100000, 0x00000000df700000, 0x0000000100000000)
  eden space 63488K, 100% used [0x00000000d7100000,0x00000000daf00000,0x00000000daf00000)
  from space 5120K, 0% used [0x00000000daf00000,0x00000000daf00000,0x00000000db400000)
  to   space 5120K, 0% used [0x00000000df200000,0x00000000df200000,0x00000000df700000)
 ParOldGen       total 59904K, used 9174K [0x0000000085200000, 0x0000000088c80000, 0x00000000d7100000)
  object space 59904K, 15% used [0x0000000085200000,0x0000000085af5a00,0x0000000088c80000)
 Metaspace       used 25553K, capacity 25756K, committed 26112K, reserved 1071104K
  class space    used 3391K, capacity 3462K, committed 3584K, reserved 1048576K
Event: 829.369 GC heap after
Heap after GC invocations=5 (full 1):
 PSYoungGen      total 99328K, used 4306K [0x00000000d7100000, 0x00000000df680000, 0x0000000100000000)
  eden space 94720K, 0% used [0x00000000d7100000,0x00000000d7100000,0x00000000dcd80000)
  from space 4608K, 93% used [0x00000000df200000,0x00000000df634928,0x00000000df680000)
  to   space 5120K, 0% used [0x00000000dec80000,0x00000000dec80000,0x00000000df180000)
 ParOldGen       total 59904K, used 9182K [0x0000000085200000, 0x0000000088c80000, 0x00000000d7100000)
  object space 59904K, 15% used [0x0000000085200000,0x0000000085af7a00,0x0000000088c80000)
 Metaspace       used 25553K, capacity 25756K, committed 26112K, reserved 1071104K
  class space    used 3391K, capacity 3462K, committed 3584K, reserved 1048576K
}
Event: 2693.037 GC heap before
{Heap before GC invocations=6 (full 1):
 PSYoungGen      total 99328K, used 99026K [0x00000000d7100000, 0x00000000df680000, 0x0000000100000000)
  eden space 94720K, 100% used [0x00000000d7100000,0x00000000dcd80000,0x00000000dcd80000)
  from space 4608K, 93% used [0x00000000df200000,0x00000000df634928,0x00000000df680000)
  to   space 5120K, 0% used [0x00000000dec80000,0x00000000dec80000,0x00000000df180000)
 ParOldGen       total 59904K, used 9182K [0x0000000085200000, 0x0000000088c80000, 0x00000000d7100000)
  object space 59904K, 15% used [0x0000000085200000,0x0000000085af7a00,0x0000000088c80000)
 Metaspace       used 25559K, capacity 25756K, committed 26112K, reserved 1071104K
  class space    used 3391K, capacity 3462K, committed 3584K, reserved 1048576K

Deoptimization events (10 events):
Event: 1203.355 Thread 0x00007fd3b4d1d800 Uncommon trap: reason=unstable_if action=reinterpret pc=0x00007fd3a500d4d0 method=scala.concurrent.forkjoin.ForkJoinPool.signalWork(Lscala/concurrent/forkjoin/ForkJoinPool$WorkQueue;)V @ 111
Event: 1249.355 Thread 0x00007fd3b4cf9800 Uncommon trap: reason=unstable_if action=reinterpret pc=0x00007fd3a504cad0 method=scala.concurrent.forkjoin.ForkJoinPool.signalWork(Lscala/concurrent/forkjoin/ForkJoinPool$WorkQueue;)V @ 111
Event: 1252.354 Thread 0x00007fd34c00b000 Uncommon trap: reason=unstable_if action=reinterpret pc=0x00007fd3a501e71c method=scala.concurrent.forkjoin.ForkJoinPool.signalWork(Lscala/concurrent/forkjoin/ForkJoinPool$WorkQueue;)V @ 111
Event: 2332.468 Thread 0x00007fd34c00b000 Uncommon trap: reason=unstable_if action=reinterpret pc=0x00007fd3a50368b4 method=java.util.concurrent.ConcurrentLinkedQueue.offer(Ljava/lang/Object;)Z @ 62
Event: 2348.486 Thread 0x00007fd350012000 Uncommon trap: reason=unstable_if action=reinterpret pc=0x00007fd3a4b23348 method=akka.dispatch.Mailbox.processMailbox(IJ)V @ 49
Event: 2348.486 Thread 0x00007fd350012000 Uncommon trap: reason=unstable_if action=reinterpret pc=0x00007fd3a505e8b0 method=akka.dispatch.Mailbox.canBeScheduledForExecution(ZZ)Z @ 74
Event: 2349.215 Thread 0x00007fd350012000 Uncommon trap: reason=unstable_if action=reinterpret pc=0x00007fd3a4e457f4 method=akka.dispatch.Mailbox.canBeScheduledForExecution(ZZ)Z @ 74
Event: 2349.224 Thread 0x00007fd350012000 Uncommon trap: reason=unstable_if action=reinterpret pc=0x00007fd3a4fe7b64 method=scala.concurrent.forkjoin.ForkJoinPool.scan(Lscala/concurrent/forkjoin/ForkJoinPool$WorkQueue;)Lscala/concurrent/forkjoin/ForkJoinTask; @ 223
Event: 2349.226 Thread 0x00007fd34c00b000 Uncommon trap: reason=unstable_if action=reinterpret pc=0x00007fd3a5030ff8 method=java.util.concurrent.ConcurrentLinkedQueue.offer(Ljava/lang/Object;)Z @ 62
Event: 2410.152 Thread 0x00007fd3b4cf9800 Uncommon trap: reason=unstable_if action=reinterpret pc=0x00007fd3a4e0f3ac method=scala.concurrent.forkjoin.ForkJoinPool.signalWork(Lscala/concurrent/forkjoin/ForkJoinPool$WorkQueue;)V @ 26

Internal exceptions (10 events):
Event: 2684.453 Thread 0x00007fd33c083000 Exception <a 'java/io/IOException'> (0x00000000dcc89a40) thrown at [/builddir/build/BUILD/java-1.8.0-openjdk-1.8.0.131-1.b12.fc25.x86_64/openjdk/hotspot/src/share/vm/prims/jni.cpp, line 710]
Event: 2685.160 Thread 0x00007fd33c083000 Exception <a 'java/io/FileNotFoundException'> (0x00000000dcc8e528) thrown at [/builddir/build/BUILD/java-1.8.0-openjdk-1.8.0.131-1.b12.fc25.x86_64/openjdk/hotspot/src/share/vm/prims/jni.cpp, line 710]
Event: 2685.160 Thread 0x00007fd33c083000 Exception <a 'java/io/FileNotFoundException'> (0x00000000dcc8eae8) thrown at [/builddir/build/BUILD/java-1.8.0-openjdk-1.8.0.131-1.b12.fc25.x86_64/openjdk/hotspot/src/share/vm/prims/jni.cpp, line 710]
Event: 2685.161 Thread 0x00007fd33c083000 Exception <a 'java/io/IOException'> (0x00000000dcc93618) thrown at [/builddir/build/BUILD/java-1.8.0-openjdk-1.8.0.131-1.b12.fc25.x86_64/openjdk/hotspot/src/share/vm/prims/jni.cpp, line 710]
Event: 2688.311 Thread 0x00007fd33c083000 Exception <a 'java/io/FileNotFoundException'> (0x00000000dcc98100) thrown at [/builddir/build/BUILD/java-1.8.0-openjdk-1.8.0.131-1.b12.fc25.x86_64/openjdk/hotspot/src/share/vm/prims/jni.cpp, line 710]
Event: 2688.313 Thread 0x00007fd33c083000 Exception <a 'java/io/FileNotFoundException'> (0x00000000dcc986c0) thrown at [/builddir/build/BUILD/java-1.8.0-openjdk-1.8.0.131-1.b12.fc25.x86_64/openjdk/hotspot/src/share/vm/prims/jni.cpp, line 710]
Event: 2688.313 Thread 0x00007fd33c083000 Exception <a 'java/io/IOException'> (0x00000000dcc9d1f0) thrown at [/builddir/build/BUILD/java-1.8.0-openjdk-1.8.0.131-1.b12.fc25.x86_64/openjdk/hotspot/src/share/vm/prims/jni.cpp, line 710]
Event: 2688.314 Thread 0x00007fd34c014800 Exception <a 'java/io/FileNotFoundException'> (0x00000000dc9fb0b0) thrown at [/builddir/build/BUILD/java-1.8.0-openjdk-1.8.0.131-1.b12.fc25.x86_64/openjdk/hotspot/src/share/vm/prims/jni.cpp, line 710]
Event: 2688.314 Thread 0x00007fd34c014800 Exception <a 'java/io/FileNotFoundException'> (0x00000000dc9fb670) thrown at [/builddir/build/BUILD/java-1.8.0-openjdk-1.8.0.131-1.b12.fc25.x86_64/openjdk/hotspot/src/share/vm/prims/jni.cpp, line 710]
Event: 2688.314 Thread 0x00007fd34c014800 Exception <a 'java/io/IOException'> (0x00000000dca001a0) thrown at [/builddir/build/BUILD/java-1.8.0-openjdk-1.8.0.131-1.b12.fc25.x86_64/openjdk/hotspot/src/share/vm/prims/jni.cpp, line 710]

Events (10 events):
Event: 2360.542 Thread 0x00007fd3b4ce4000 DEOPT UNPACKING pc=0x00007fd3a49fc373 sp=0x00007fd37945f5b0 mode 0
Event: 2410.152 Thread 0x00007fd3b4cf9800 Uncommon trap: trap_request=0xffffff65 fr.pc=0x00007fd3a4e0f3ac
Event: 2410.152 Thread 0x00007fd3b4cf9800 DEOPT PACKING pc=0x00007fd3a4e0f3ac sp=0x00007fd37925d220
Event: 2410.165 Thread 0x00007fd3b4cf9800 DEOPT UNPACKING pc=0x00007fd3a49b9f69 sp=0x00007fd37925d028 mode 2
Event: 2410.194 Thread 0x00007fd34c014800 Thread added: 0x00007fd34c014800
Event: 2410.209 Thread 0x00007fd35801a800 Thread added: 0x00007fd35801a800
Event: 2454.306 Thread 0x00007fd33c083000 Thread added: 0x00007fd33c083000
Event: 2454.887 Thread 0x00007fd35001e000 Thread added: 0x00007fd35001e000
Event: 2531.995 Thread 0x00007fd35001e800 Thread added: 0x00007fd35001e800
Event: 2688.489 Executing VM operation: ParallelGCFailedAllocation


Dynamic libraries:
85200000-88c80000 rw-p 00000000 00:00 0 
88c80000-d7100000 ---p 00000000 00:00 0 
d7100000-df680000 rw-p 00000000 00:00 0 
e0a80000-100000000 ---p 00000000 00:00 0 
100000000-100380000 rw-p 00000000 00:00 0 
100380000-140000000 ---p 00000000 00:00 0 
55c7a7cd2000-55c7a7cd3000 r-xp 00000000 fd:00 409410                     /usr/lib/jvm/java-1.8.0-openjdk-1.8.0.131-1.b12.fc25.x86_64/jre/bin/java
55c7a7ed2000-55c7a7ed3000 r--p 00000000 fd:00 409410                     /usr/lib/jvm/java-1.8.0-openjdk-1.8.0.131-1.b12.fc25.x86_64/jre/bin/java
55c7a7ed3000-55c7a7ed4000 rw-p 00001000 fd:00 409410                     /usr/lib/jvm/java-1.8.0-openjdk-1.8.0.131-1.b12.fc25.x86_64/jre/bin/java
55c7a8a4c000-55c7a8a6d000 rw-p 00000000 00:00 0                          [heap]
7fd32c000000-7fd32c021000 rw-p 00000000 00:00 0 
7fd32c021000-7fd330000000 ---p 00000000 00:00 0 
7fd330000000-7fd330021000 rw-p 00000000 00:00 0 
7fd330021000-7fd334000000 ---p 00000000 00:00 0 
7fd334000000-7fd334021000 rw-p 00000000 00:00 0 
7fd334021000-7fd338000000 ---p 00000000 00:00 0 
7fd338000000-7fd338021000 rw-p 00000000 00:00 0 
7fd338021000-7fd33c000000 ---p 00000000 00:00 0 
7fd33c000000-7fd33c0aa000 rw-p 00000000 00:00 0 
7fd33c0aa000-7fd340000000 ---p 00000000 00:00 0 
7fd340000000-7fd340021000 rw-p 00000000 00:00 0 
7fd340021000-7fd344000000 ---p 00000000 00:00 0 
7fd344000000-7fd344021000 rw-p 00000000 00:00 0 
7fd344021000-7fd348000000 ---p 00000000 00:00 0 
7fd348000000-7fd348021000 rw-p 00000000 00:00 0 
7fd348021000-7fd34c000000 ---p 00000000 00:00 0 
7fd34c000000-7fd34c021000 rw-p 00000000 00:00 0 
7fd34c021000-7fd350000000 ---p 00000000 00:00 0 
7fd350000000-7fd350023000 rw-p 00000000 00:00 0 
7fd350023000-7fd354000000 ---p 00000000 00:00 0 
7fd354000000-7fd354021000 rw-p 00000000 00:00 0 
7fd354021000-7fd358000000 ---p 00000000 00:00 0 
7fd358000000-7fd358022000 rw-p 00000000 00:00 0 
7fd358022000-7fd35c000000 ---p 00000000 00:00 0 
7fd35c000000-7fd35c021000 rw-p 00000000 00:00 0 
7fd35c021000-7fd360000000 ---p 00000000 00:00 0 
7fd360000000-7fd360021000 rw-p 00000000 00:00 0 
7fd360021000-7fd364000000 ---p 00000000 00:00 0 
7fd364000000-7fd3643d0000 rw-p 00000000 00:00 0 
7fd3643d0000-7fd368000000 ---p 00000000 00:00 0 
7fd368000000-7fd368021000 rw-p 00000000 00:00 0 
7fd368021000-7fd36c000000 ---p 00000000 00:00 0 
7fd36c000000-7fd36e526000 rw-p 00000000 00:00 0 
7fd36e526000-7fd370000000 ---p 00000000 00:00 0 
7fd370000000-7fd370943000 rw-p 00000000 00:00 0 
7fd370943000-7fd374000000 ---p 00000000 00:00 0 
7fd374000000-7fd374021000 rw-p 00000000 00:00 0 
7fd374021000-7fd378000000 ---p 00000000 00:00 0 
7fd378655000-7fd378658000 ---p 00000000 00:00 0 
7fd378658000-7fd378756000 rw-p 00000000 00:00 0 
7fd378756000-7fd378759000 ---p 00000000 00:00 0 
7fd378759000-7fd378857000 rw-p 00000000 00:00 0 
7fd378857000-7fd37885a000 ---p 00000000 00:00 0 
7fd37885a000-7fd378958000 rw-p 00000000 00:00 0 
7fd378958000-7fd37895b000 ---p 00000000 00:00 0 
7fd37895b000-7fd378a59000 rw-p 00000000 00:00 0 
7fd378a59000-7fd378a5c000 ---p 00000000 00:00 0 
7fd378a5c000-7fd378d5a000 rw-p 00000000 00:00 0 
7fd378d5a000-7fd378d5d000 ---p 00000000 00:00 0 
7fd378d5d000-7fd378e5b000 rw-p 00000000 00:00 0 
7fd378e5b000-7fd378e5e000 ---p 00000000 00:00 0 
7fd378e5e000-7fd378f5c000 rw-p 00000000 00:00 0 
7fd378f5c000-7fd378f5f000 ---p 00000000 00:00 0 
7fd378f5f000-7fd37905d000 rw-p 00000000 00:00 0 
7fd37905d000-7fd379060000 ---p 00000000 00:00 0 
7fd379060000-7fd37915e000 rw-p 00000000 00:00 0 
7fd37915e000-7fd379161000 ---p 00000000 00:00 0 
7fd379161000-7fd37925f000 rw-p 00000000 00:00 0 
7fd37925f000-7fd379262000 ---p 00000000 00:00 0 
7fd379262000-7fd379360000 rw-p 00000000 00:00 0 
7fd379360000-7fd379363000 ---p 00000000 00:00 0 
7fd379363000-7fd379461000 rw-p 00000000 00:00 0 
7fd379461000-7fd380000000 r--p 00000000 fd:00 4727904                    /usr/lib/locale/locale-archive
7fd380000000-7fd380021000 rw-p 00000000 00:00 0 
7fd380021000-7fd384000000 ---p 00000000 00:00 0 
7fd384000000-7fd384021000 rw-p 00000000 00:00 0 
7fd384021000-7fd388000000 ---p 00000000 00:00 0 
7fd388000000-7fd388021000 rw-p 00000000 00:00 0 
7fd388021000-7fd38c000000 ---p 00000000 00:00 0 
7fd38c090000-7fd38c290000 rw-p 00000000 00:00 0 
7fd38c290000-7fd390000000 rw-p 00000000 00:00 0 
7fd390000000-7fd390021000 rw-p 00000000 00:00 0 
7fd390021000-7fd394000000 ---p 00000000 00:00 0 
7fd394000000-7fd394021000 rw-p 00000000 00:00 0 
7fd394021000-7fd398000000 ---p 00000000 00:00 0 
7fd398000000-7fd398021000 rw-p 00000000 00:00 0 
7fd398021000-7fd39c000000 ---p 00000000 00:00 0 
7fd39c000000-7fd39c021000 rw-p 00000000 00:00 0 
7fd39c021000-7fd3a0000000 ---p 00000000 00:00 0 
7fd3a0023000-7fd3a0223000 rw-p 00000000 00:00 0 
7fd3a0223000-7fd3a0423000 rw-p 00000000 00:00 0 
7fd3a0423000-7fd3a0427000 r--s 000b3000 fd:00 4860869                    /usr/lib/jvm/java-1.8.0-openjdk-1.8.0.131-1.b12.fc25.x86_64/jre/lib/jsse.jar
7fd3a0427000-7fd3a0627000 rw-p 00000000 00:00 0 
7fd3a0627000-7fd3a0638000 r-xp 00000000 fd:00 409445                     /usr/lib/jvm/java-1.8.0-openjdk-1.8.0.131-1.b12.fc25.x86_64/jre/lib/amd64/libnio.so
7fd3a0638000-7fd3a0838000 ---p 00011000 fd:00 409445                     /usr/lib/jvm/java-1.8.0-openjdk-1.8.0.131-1.b12.fc25.x86_64/jre/lib/amd64/libnio.so
7fd3a0838000-7fd3a0839000 r--p 00011000 fd:00 409445                     /usr/lib/jvm/java-1.8.0-openjdk-1.8.0.131-1.b12.fc25.x86_64/jre/lib/amd64/libnio.so
7fd3a0839000-7fd3a083a000 rw-p 00012000 fd:00 409445                     /usr/lib/jvm/java-1.8.0-openjdk-1.8.0.131-1.b12.fc25.x86_64/jre/lib/amd64/libnio.so
7fd3a083a000-7fd3a0851000 r-xp 00000000 fd:00 409444                     /usr/lib/jvm/java-1.8.0-openjdk-1.8.0.131-1.b12.fc25.x86_64/jre/lib/amd64/libnet.so
7fd3a0851000-7fd3a0a50000 ---p 00017000 fd:00 409444                     /usr/lib/jvm/java-1.8.0-openjdk-1.8.0.131-1.b12.fc25.x86_64/jre/lib/amd64/libnet.so
7fd3a0a50000-7fd3a0a51000 r--p 00016000 fd:00 409444                     /usr/lib/jvm/java-1.8.0-openjdk-1.8.0.131-1.b12.fc25.x86_64/jre/lib/amd64/libnet.so
7fd3a0a51000-7fd3a0a52000 rw-p 00017000 fd:00 409444                     /usr/lib/jvm/java-1.8.0-openjdk-1.8.0.131-1.b12.fc25.x86_64/jre/lib/amd64/libnet.so
7fd3a0a52000-7fd3a0c52000 rw-p 00000000 00:00 0 
7fd3a0c52000-7fd3a0e52000 rw-p 00000000 00:00 0 
7fd3a0e52000-7fd3a0e5a000 r-xp 00000000 fd:00 409442                     /usr/lib/jvm/java-1.8.0-openjdk-1.8.0.131-1.b12.fc25.x86_64/jre/lib/amd64/libmanagement.so
7fd3a0e5a000-7fd3a105a000 ---p 00008000 fd:00 409442                     /usr/lib/jvm/java-1.8.0-openjdk-1.8.0.131-1.b12.fc25.x86_64/jre/lib/amd64/libmanagement.so
7fd3a105a000-7fd3a105b000 r--p 00008000 fd:00 409442                     /usr/lib/jvm/java-1.8.0-openjdk-1.8.0.131-1.b12.fc25.x86_64/jre/lib/amd64/libmanagement.so
7fd3a105b000-7fd3a105c000 rw-p 00009000 fd:00 409442                     /usr/lib/jvm/java-1.8.0-openjdk-1.8.0.131-1.b12.fc25.x86_64/jre/lib/amd64/libmanagement.so
7fd3a105c000-7fd3a109c000 r--s 00277000 fd:00 3279960                    /home/sgeorgiou/GitHub/SEMTs_Comparisson/powerapi-cli/lib/org.bouncycastle.bcprov-jdk15on-1.51.jar
7fd3a109c000-7fd3a10ac000 r--s 00084000 fd:00 3279959                    /home/sgeorgiou/GitHub/SEMTs_Comparisson/powerapi-cli/lib/org.bouncycastle.bcpkix-jdk15on-1.51.jar
7fd3a10ac000-7fd3a10d7000 r--s 001fc000 fd:00 3279904                    /home/sgeorgiou/GitHub/SEMTs_Comparisson/powerapi-cli/lib/com.google.guava.guava-18.0.jar
7fd3a10d7000-7fd3a10d9000 r--s 00003000 fd:00 3279986                    /home/sgeorgiou/GitHub/SEMTs_Comparisson/powerapi-cli/lib/org.slf4j.jcl-over-slf4j-1.7.12.jar
7fd3a10d9000-7fd3a10db000 r--s 00005000 fd:00 3279987                    /home/sgeorgiou/GitHub/SEMTs_Comparisson/powerapi-cli/lib/org.slf4j.slf4j-api-1.7.5.jar
7fd3a10db000-7fd3a10e2000 r--s 0003a000 fd:00 3279911                    /home/sgeorgiou/GitHub/SEMTs_Comparisson/powerapi-cli/lib/commons-codec.commons-codec-1.8.jar
7fd3a10e2000-7fd3a10e6000 r--s 00014000 fd:00 3279988                    /home/sgeorgiou/GitHub/SEMTs_Comparisson/powerapi-cli/lib/org.tukaani.xz-1.2.jar
7fd3a10e6000-7fd3a10eb000 r--s 0003a000 fd:00 3279952                    /home/sgeorgiou/GitHub/SEMTs_Comparisson/powerapi-cli/lib/org.apache.commons.commons-compress-1.5.jar
7fd3a10eb000-7fd3a10ec000 r--s 00007000 fd:00 3279917                    /home/sgeorgiou/GitHub/SEMTs_Comparisson/powerapi-cli/lib/de.gesellix.unix-socket-factory-2015-01-27T15-02-14.jar
7fd3a10ec000-7fd3a10f0000 r--s 00022000 fd:00 3279969                    /home/sgeorgiou/GitHub/SEMTs_Comparisson/powerapi-cli/lib/org.glassfish.jersey.core.jersey-client-2.11.jar
7fd3a10f0000-7fd3a10f1000 r--s 00004000 fd:00 3279966                    /home/sgeorgiou/GitHub/SEMTs_Comparisson/powerapi-cli/lib/org.glassfish.hk2.osgi-resource-locator-1.0.1.jar
7fd3a10f1000-7fd3a10fb000 r--s 000a5000 fd:00 3279972                    /home/sgeorgiou/GitHub/SEMTs_Comparisson/powerapi-cli/lib/org.javassist.javassist-3.18.1-GA.jar
7fd3a10fb000-7fd3a10fe000 r--s 00025000 fd:00 3279964                    /home/sgeorgiou/GitHub/SEMTs_Comparisson/powerapi-cli/lib/org.glassfish.hk2.hk2-locator-2.3.0-b05.jar
7fd3a10fe000-7fd3a10ff000 r--s 00001000 fd:00 3279962                    /home/sgeorgiou/GitHub/SEMTs_Comparisson/powerapi-cli/lib/org.glassfish.hk2.external.javax.inject-2.3.0-b05.jar
7fd3a10ff000-7fd3a1101000 r--s 00002000 fd:00 3279961                    /home/sgeorgiou/GitHub/SEMTs_Comparisson/powerapi-cli/lib/org.glassfish.hk2.external.aopalliance-repackaged-2.3.0-b05.jar
7fd3a1101000-7fd3a1104000 r--s 00012000 fd:00 3279965                    /home/sgeorgiou/GitHub/SEMTs_Comparisson/powerapi-cli/lib/org.glassfish.hk2.hk2-utils-2.3.0-b05.jar
7fd3a1104000-7fd3a1108000 r--s 00023000 fd:00 3279963                    /home/sgeorgiou/GitHub/SEMTs_Comparisson/powerapi-cli/lib/org.glassfish.hk2.hk2-api-2.3.0-b05.jar
7fd3a1108000-7fd3a1120000 r--s 000d4000 fd:00 3279967                    /home/sgeorgiou/GitHub/SEMTs_Comparisson/powerapi-cli/lib/org.glassfish.jersey.bundles.repackaged.jersey-guava-2.11.jar
7fd3a1120000-7fd3a1122000 r--s 00005000 fd:00 3279930                    /home/sgeorgiou/GitHub/SEMTs_Comparisson/powerapi-cli/lib/javax.annotation.javax.annotation-api-1.2.jar
7fd3a1122000-7fd3a1126000 r--s 00018000 fd:00 3279931                    /home/sgeorgiou/GitHub/SEMTs_Comparisson/powerapi-cli/lib/javax.ws.rs.javax.ws.rs-api-2.0.jar
7fd3a1126000-7fd3a1135000 r--s 000a3000 fd:00 3279970                    /home/sgeorgiou/GitHub/SEMTs_Comparisson/powerapi-cli/lib/org.glassfish.jersey.core.jersey-common-2.11.jar
7fd3a1135000-7fd3a113b000 r--s 0003f000 fd:00 3279956                    /home/sgeorgiou/GitHub/SEMTs_Comparisson/powerapi-cli/lib/org.apache.httpcomponents.httpcore-4.3.jar
7fd3a113b000-7fd3a1146000 r--s 00084000 fd:00 3279955                    /home/sgeorgiou/GitHub/SEMTs_Comparisson/powerapi-cli/lib/org.apache.httpcomponents.httpclient-4.3.1.jar
7fd3a1146000-7fd3a1147000 r--s 00005000 fd:00 3279968                    /home/sgeorgiou/GitHub/SEMTs_Comparisson/powerapi-cli/lib/org.glassfish.jersey.connectors.jersey-apache-connector-2.11.jar
7fd3a1147000-7fd3a1149000 r--s 00007000 fd:00 3279894                    /home/sgeorgiou/GitHub/SEMTs_Comparisson/powerapi-cli/lib/com.fasterxml.jackson.core.jackson-annotations-2.1.1.jar
7fd3a1149000-7fd3a1159000 r--s 000d2000 fd:00 3279896                    /home/sgeorgiou/GitHub/SEMTs_Comparisson/powerapi-cli/lib/com.fasterxml.jackson.core.jackson-databind-2.1.2.jar
7fd3a1159000-7fd3a115d000 r--s 0002f000 fd:00 3279895                    /home/sgeorgiou/GitHub/SEMTs_Comparisson/powerapi-cli/lib/com.fasterxml.jackson.core.jackson-core-2.1.2.jar
7fd3a115d000-7fd3a115f000 r--s 00005000 fd:00 3279897                    /home/sgeorgiou/GitHub/SEMTs_Comparisson/powerapi-cli/lib/com.fasterxml.jackson.jaxrs.jackson-jaxrs-json-provider-2.1.2.jar
7fd3a115f000-7fd3a1169000 r--s 00051000 fd:00 3279899                    /home/sgeorgiou/GitHub/SEMTs_Comparisson/powerapi-cli/lib/com.github.docker-java.docker-java-2.1.1.jar
7fd3a1169000-7fd3a116d000 r--s 000dc000 fd:00 3279951                    /home/sgeorgiou/GitHub/SEMTs_Comparisson/powerapi-cli/lib/net.java.dev.jna.jna-4.1.0.jar
7fd3a116d000-7fd3a117c000 r--s 00081000 fd:00 3279932                    /home/sgeorgiou/GitHub/SEMTs_Comparisson/powerapi-cli/lib/joda-time.joda-time-2.7.jar
7fd3a117c000-7fd3a1180000 r--s 0002c000 fd:00 3279900                    /home/sgeorgiou/GitHub/SEMTs_Comparisson/powerapi-cli/lib/com.github.nscala-time.nscala-time_2.11-2.0.0.jar
7fd3a1180000-7fd3a1184000 r--s 00042000 fd:00 3279925                    /home/sgeorgiou/GitHub/SEMTs_Comparisson/powerapi-cli/lib/io.spray.spray-json_2.11-1.3.2.jar
7fd3a1184000-7fd3a11a4000 r--s 00114000 fd:00 3279893                    /home/sgeorgiou/GitHub/SEMTs_Comparisson/powerapi-cli/lib/com.chuusai.shapeless_2.11-1.2.4.jar
7fd3a11a4000-7fd3a11b9000 r--s 000ef000 fd:00 3279926                    /home/sgeorgiou/GitHub/SEMTs_Comparisson/powerapi-cli/lib/io.spray.spray-routing_2.11-1.3.3.jar
7fd3a11b9000-7fd3a11bb000 r--s 0000e000 fd:00 3279976                    /home/sgeorgiou/GitHub/SEMTs_Comparisson/powerapi-cli/lib/org.jvnet.mimepull.mimepull-1.9.5.jar
7fd3a11bb000-7fd3a11c6000 r--s 00094000 fd:00 3279981                    /home/sgeorgiou/GitHub/SEMTs_Comparisson/powerapi-cli/lib/org.scala-lang.modules.scala-xml_2.11-1.0.3.jar
7fd3a11c6000-7fd3a11d0000 r--s 00061000 fd:00 3279923                    /home/sgeorgiou/GitHub/SEMTs_Comparisson/powerapi-cli/lib/io.spray.spray-httpx_2.11-1.3.3.jar
7fd3a11d0000-7fd3a11d2000 r--s 00009000 fd:00 3279921                    /home/sgeorgiou/GitHub/SEMTs_Comparisson/powerapi-cli/lib/io.spray.spray-client_2.11-1.3.3.jar
7fd3a11d2000-7fd3a11d7000 r--s 00029000 fd:00 3279977                    /home/sgeorgiou/GitHub/SEMTs_Comparisson/powerapi-cli/lib/org.parboiled.parboiled-core-1.1.7.jar
7fd3a11d7000-7fd3a11db000 r--s 00035000 fd:00 3279978                    /home/sgeorgiou/GitHub/SEMTs_Comparisson/powerapi-cli/lib/org.parboiled.parboiled-scala_2.11-1.1.7.jar
7fd3a11db000-7fd3a11f8000 r--s 00152000 fd:00 3279922                    /home/sgeorgiou/GitHub/SEMTs_Comparisson/powerapi-cli/lib/io.spray.spray-http_2.11-1.3.3.jar
7fd3a11f8000-7fd3a11fb000 r--s 0001d000 fd:00 3279927                    /home/sgeorgiou/GitHub/SEMTs_Comparisson/powerapi-cli/lib/io.spray.spray-util_2.11-1.3.3.jar
7fd3a11fb000-7fd3a1200000 r--s 0002a000 fd:00 3279924                    /home/sgeorgiou/GitHub/SEMTs_Comparisson/powerapi-cli/lib/io.spray.spray-io_2.11-1.3.3.jar
7fd3a1200000-7fd3a120c000 r--s 000a4000 fd:00 3279920                    /home/sgeorgiou/GitHub/SEMTs_Comparisson/powerapi-cli/lib/io.spray.spray-can_2.11-1.3.3.jar
7fd3a120c000-7fd3a1213000 r--s 00062000 fd:00 3279971                    /home/sgeorgiou/GitHub/SEMTs_Comparisson/powerapi-cli/lib/org.hyperic.sigar-1.6.5.132.jar
7fd3a1213000-7fd3a1230000 r--s 0016a000 fd:00 3279954                    /home/sgeorgiou/GitHub/SEMTs_Comparisson/powerapi-cli/lib/org.apache.commons.commons-math3-3.1.1.jar
7fd3a1230000-7fd3a123e000 r--s 0007f000 fd:00 3279912                    /home/sgeorgiou/GitHub/SEMTs_Comparisson/powerapi-cli/lib/commons-collections.commons-collections-3.2.1.jar
7fd3a123e000-7fd3a1242000 r--s 0002a000 fd:00 3279914                    /home/sgeorgiou/GitHub/SEMTs_Comparisson/powerapi-cli/lib/commons-io.commons-io-2.4.jar
7fd3a1242000-7fd3a1244000 r--s 0000d000 fd:00 3279916                    /home/sgeorgiou/GitHub/SEMTs_Comparisson/powerapi-cli/lib/commons-logging.commons-logging-1.1.1.jar
7fd3a1244000-7fd3a1249000 r--s 00041000 fd:00 3279915                    /home/sgeorgiou/GitHub/SEMTs_Comparisson/powerapi-cli/lib/commons-lang.commons-lang-2.6.jar
7fd3a1249000-7fd3a1250000 r--s 00050000 fd:00 3279913                    /home/sgeorgiou/GitHub/SEMTs_Comparisson/powerapi-cli/lib/commons-configuration.commons-configuration-1.8.jar
7fd3a1250000-7fd3a1259000 r--s 0006f000 fd:00 3279950                    /home/sgeorgiou/GitHub/SEMTs_Comparisson/powerapi-cli/lib/log4j.log4j-1.2.17.jar
7fd3a1259000-7fd3a1262000 r--s 00051000 fd:00 3279892                    /home/sgeorgiou/GitHub/SEMTs_Comparisson/powerapi-cli/lib/ch.qos.logback.logback-core-1.0.9.jar
7fd3a1262000-7fd3a1267000 r--s 00039000 fd:00 3279891                    /home/sgeorgiou/GitHub/SEMTs_Comparisson/powerapi-cli/lib/ch.qos.logback.logback-classic-1.0.9.jar
7fd3a1267000-7fd3a1269000 r--s 0000f000 fd:00 3279907                    /home/sgeorgiou/GitHub/SEMTs_Comparisson/powerapi-cli/lib/com.martiansoftware.jsap-2.1.jar
7fd3a1269000-7fd3a126e000 r--s 0005c000 fd:00 3279928                    /home/sgeorgiou/GitHub/SEMTs_Comparisson/powerapi-cli/lib/it.unimi.dsi.dsiutils-2.0.15.jar
7fd3a126e000-7fd3a1393000 r--s 00ec4000 fd:00 3279929                    /home/sgeorgiou/GitHub/SEMTs_Comparisson/powerapi-cli/lib/it.unimi.dsi.fastutil-6.5.4.jar
7fd3a1393000-7fd3a13a6000 r--s 000df000 fd:00 3279953                    /home/sgeorgiou/GitHub/SEMTs_Comparisson/powerapi-cli/lib/org.apache.commons.commons-math-2.2.jar
7fd3a13a6000-7fd3a13ac000 r--s 00045000 fd:00 3279905                    /home/sgeorgiou/GitHub/SEMTs_Comparisson/powerapi-cli/lib/com.googlecode.efficient-java-matrix-library.ejml-0.19.jar
7fd3a13ac000-7fd3a13b0000 r--s 0001d000 fd:00 3279984                    /home/sgeorgiou/GitHub/SEMTs_Comparisson/powerapi-cli/lib/org.scala-saddle.google-rfc-2445-20110304.jar
7fd3a13b0000-7fd3a13b2000 r--s 00008000 fd:00 3279975                    /home/sgeorgiou/GitHub/SEMTs_Comparisson/powerapi-cli/lib/org.joda.joda-convert-1.2.jar
7fd3a13b2000-7fd3a13e8000 r--s 00294000 fd:00 3279985                    /home/sgeorgiou/GitHub/SEMTs_Comparisson/powerapi-cli/lib/org.scala-saddle.saddle-core_2.11-1.3.3.jar
7fd3a13e8000-7fd3a13ee000 r--s 0004b000 fd:00 3279973                    /home/sgeorgiou/GitHub/SEMTs_Comparisson/powerapi-cli/lib/org.jfree.jcommon-1.0.23.jar
7fd3a13ee000-7fd3a13ff000 r--s 0016e000 fd:00 3279974                    /home/sgeorgiou/GitHub/SEMTs_Comparisson/powerapi-cli/lib/org.jfree.jfreechart-1.0.19.jar
7fd3a13ff000-7fd3a1406000 r--s 00057000 fd:00 3279902                    /home/sgeorgiou/GitHub/SEMTs_Comparisson/powerapi-cli/lib/com.github.scala-incubator.io.scala-io-file_2.11-0.4.3.jar
7fd3a1406000-7fd3a1408000 r--s 00005000 fd:00 3279982                    /home/sgeorgiou/GitHub/SEMTs_Comparisson/powerapi-cli/lib/org.scala-lang.plugins.scala-continuations-library_2.11-1.0.1.jar
7fd3a1408000-7fd3a140b000 r--s 00010000 fd:00 3279906                    /home/sgeorgiou/GitHub/SEMTs_Comparisson/powerapi-cli/lib/com.madgag.scala-arm_2.11-1.3.3.jar
7fd3a140b000-7fd3a1416000 r--s 0005c000 fd:00 3279980                    /home/sgeorgiou/GitHub/SEMTs_Comparisson/powerapi-cli/lib/org.scala-lang.modules.scala-parser-combinators_2.11-1.0.1.jar
7fd3a1416000-7fd3a142a000 r--s 0011a000 fd:00 3279901                    /home/sgeorgiou/GitHub/SEMTs_Comparisson/powerapi-cli/lib/com.github.scala-incubator.io.scala-io-core_2.11-0.4.3.jar
7fd3a142a000-7fd3a1439000 r--s 000e1000 fd:00 3279903                    /home/sgeorgiou/GitHub/SEMTs_Comparisson/powerapi-cli/lib/com.google.android.tools.dx-1.7.jar
7fd3a1439000-7fd3a1442000 r--s 000dc000 fd:00 3279908                    /home/sgeorgiou/GitHub/SEMTs_Comparisson/powerapi-cli/lib/com.nativelibs4java.bridj-0.7.0.jar
7fd3a1442000-7fd3a1469000 r--s 0025c000 fd:00 3279909                    /home/sgeorgiou/GitHub/SEMTs_Comparisson/powerapi-cli/lib/com.typesafe.akka.akka-actor_2.11-2.3.11.jar
7fd3a1469000-7fd3a146c000 ---p 00000000 00:00 0 
7fd3a146c000-7fd3a156a000 rw-p 00000000 00:00 0 
7fd3a156a000-7fd3a156d000 ---p 00000000 00:00 0 
7fd3a156d000-7fd3a15a3000 rw-p 00000000 00:00 0 
7fd3a15a3000-7fd3a15fc000 r--s 004f6000 fd:00 3279983                    /home/sgeorgiou/GitHub/SEMTs_Comparisson/powerapi-cli/lib/org.scala-lang.scala-library-2.11.6.jar
7fd3a15fc000-7fd3a15fd000 ---p 00000000 00:00 0 
7fd3a15fd000-7fd3a16fd000 rw-p 00000000 00:00 0 
7fd3a16fd000-7fd3a1700000 ---p 00000000 00:00 0 
7fd3a1700000-7fd3a17fe000 rw-p 00000000 00:00 0 
7fd3a17fe000-7fd3a1801000 ---p 00000000 00:00 0 
7fd3a1801000-7fd3a18ff000 rw-p 00000000 00:00 0 
7fd3a18ff000-7fd3a1902000 ---p 00000000 00:00 0 
7fd3a1902000-7fd3a1a00000 rw-p 00000000 00:00 0 
7fd3a1a00000-7fd3a1a03000 ---p 00000000 00:00 0 
7fd3a1a03000-7fd3a1b01000 rw-p 00000000 00:00 0 
7fd3a1b01000-7fd3a1b04000 ---p 00000000 00:00 0 
7fd3a1b04000-7fd3a1c02000 rw-p 00000000 00:00 0 
7fd3a1c02000-7fd3a1c05000 ---p 00000000 00:00 0 
7fd3a1c05000-7fd3a1d03000 rw-p 00000000 00:00 0 
7fd3a1d03000-7fd3a1d06000 ---p 00000000 00:00 0 
7fd3a1d06000-7fd3a1e04000 rw-p 00000000 00:00 0 
7fd3a1e04000-7fd3a1e05000 ---p 00000000 00:00 0 
7fd3a1e05000-7fd3a2ee5000 rw-p 00000000 00:00 0 
7fd3a2ee5000-7fd3a30b3000 r--s 043e2000 fd:00 4860875                    /usr/lib/jvm/java-1.8.0-openjdk-1.8.0.131-1.b12.fc25.x86_64/jre/lib/rt.jar
7fd3a30b3000-7fd3a3c8a000 rw-p 00000000 00:00 0 
7fd3a3c8a000-7fd3a3c8b000 ---p 00000000 00:00 0 
7fd3a3c8b000-7fd3a3d8b000 rw-p 00000000 00:00 0 
7fd3a3d8b000-7fd3a3d8c000 ---p 00000000 00:00 0 
7fd3a3d8c000-7fd3a3e8c000 rw-p 00000000 00:00 0 
7fd3a3e8c000-7fd3a3e8d000 ---p 00000000 00:00 0 
7fd3a3e8d000-7fd3a3fab000 rw-p 00000000 00:00 0 
7fd3a3fab000-7fd3a421d000 ---p 00000000 00:00 0 
7fd3a421d000-7fd3a423b000 rw-p 00000000 00:00 0 
7fd3a423b000-7fd3a44ac000 ---p 00000000 00:00 0 
7fd3a44ac000-7fd3a44f0000 rw-p 00000000 00:00 0 
7fd3a44f0000-7fd3a45f4000 ---p 00000000 00:00 0 
7fd3a45f4000-7fd3a4610000 rw-p 00000000 00:00 0 
7fd3a4610000-7fd3a49b5000 ---p 00000000 00:00 0 
7fd3a49b5000-7fd3a5075000 rwxp 00000000 00:00 0 
7fd3a5075000-7fd3b39b5000 ---p 00000000 00:00 0 
7fd3b39b5000-7fd3b39bd000 r-xp 00000000 fd:00 409452                     /usr/lib/jvm/java-1.8.0-openjdk-1.8.0.131-1.b12.fc25.x86_64/jre/lib/amd64/libzip.so
7fd3b39bd000-7fd3b3bbc000 ---p 00008000 fd:00 409452                     /usr/lib/jvm/java-1.8.0-openjdk-1.8.0.131-1.b12.fc25.x86_64/jre/lib/amd64/libzip.so
7fd3b3bbc000-7fd3b3bbd000 r--p 00007000 fd:00 409452                     /usr/lib/jvm/java-1.8.0-openjdk-1.8.0.131-1.b12.fc25.x86_64/jre/lib/amd64/libzip.so
7fd3b3bbd000-7fd3b3bbe000 rw-p 00000000 00:00 0 
7fd3b3bbe000-7fd3b3bc8000 r-xp 00000000 fd:00 4725734                    /usr/lib64/libnss_files-2.24.so
7fd3b3bc8000-7fd3b3dc8000 ---p 0000a000 fd:00 4725734                    /usr/lib64/libnss_files-2.24.so
7fd3b3dc8000-7fd3b3dc9000 r--p 0000a000 fd:00 4725734                    /usr/lib64/libnss_files-2.24.so
7fd3b3dc9000-7fd3b3dca000 rw-p 0000b000 fd:00 4725734                    /usr/lib64/libnss_files-2.24.so
7fd3b3dca000-7fd3b3dd0000 rw-p 00000000 00:00 0 
7fd3b3dd0000-7fd3b3dfd000 r-xp 00000000 fd:00 409434                     /usr/lib/jvm/java-1.8.0-openjdk-1.8.0.131-1.b12.fc25.x86_64/jre/lib/amd64/libjava.so
7fd3b3dfd000-7fd3b3ffd000 ---p 0002d000 fd:00 409434                     /usr/lib/jvm/java-1.8.0-openjdk-1.8.0.131-1.b12.fc25.x86_64/jre/lib/amd64/libjava.so
7fd3b3ffd000-7fd3b3ffe000 r--p 0002d000 fd:00 409434                     /usr/lib/jvm/java-1.8.0-openjdk-1.8.0.131-1.b12.fc25.x86_64/jre/lib/amd64/libjava.so
7fd3b3ffe000-7fd3b3fff000 rw-p 0002e000 fd:00 409434                     /usr/lib/jvm/java-1.8.0-openjdk-1.8.0.131-1.b12.fc25.x86_64/jre/lib/amd64/libjava.so
7fd3b3fff000-7fd3b4000000 rw-p 00000000 00:00 0 
7fd3b4000000-7fd3b4d23000 rw-p 00000000 00:00 0 
7fd3b4d23000-7fd3b8000000 ---p 00000000 00:00 0 
7fd3b8000000-7fd3b8011000 r--s 000b9000 fd:00 3279958                    /home/sgeorgiou/GitHub/SEMTs_Comparisson/powerapi-cli/lib/org.apache.logging.log4j.log4j-core-2.3.jar
7fd3b8011000-7fd3b801a000 r--s 000d2000 fd:00 3279919                    /home/sgeorgiou/GitHub/SEMTs_Comparisson/powerapi-cli/lib/fusejna.jar
7fd3b801a000-7fd3b8090000 rw-p 00000000 00:00 0 
7fd3b8090000-7fd3b8091000 ---p 00000000 00:00 0 
7fd3b8091000-7fd3b8191000 rw-p 00000000 00:00 0 
7fd3b8191000-7fd3b819e000 r-xp 00000000 fd:00 409451                     /usr/lib/jvm/java-1.8.0-openjdk-1.8.0.131-1.b12.fc25.x86_64/jre/lib/amd64/libverify.so
7fd3b819e000-7fd3b839d000 ---p 0000d000 fd:00 409451                     /usr/lib/jvm/java-1.8.0-openjdk-1.8.0.131-1.b12.fc25.x86_64/jre/lib/amd64/libverify.so
7fd3b839d000-7fd3b839f000 r--p 0000c000 fd:00 409451                     /usr/lib/jvm/java-1.8.0-openjdk-1.8.0.131-1.b12.fc25.x86_64/jre/lib/amd64/libverify.so
7fd3b839f000-7fd3b83a0000 rw-p 00000000 00:00 0 
7fd3b83a0000-7fd3b83a7000 r-xp 00000000 fd:00 4725744                    /usr/lib64/librt-2.24.so
7fd3b83a7000-7fd3b85a6000 ---p 00007000 fd:00 4725744                    /usr/lib64/librt-2.24.so
7fd3b85a6000-7fd3b85a7000 r--p 00006000 fd:00 4725744                    /usr/lib64/librt-2.24.so
7fd3b85a7000-7fd3b85a8000 rw-p 00007000 fd:00 4725744                    /usr/lib64/librt-2.24.so
7fd3b85a8000-7fd3b85be000 r-xp 00000000 fd:00 4729465                    /usr/lib64/libgcc_s-6.3.1-20161221.so.1
7fd3b85be000-7fd3b87bd000 ---p 00016000 fd:00 4729465                    /usr/lib64/libgcc_s-6.3.1-20161221.so.1
7fd3b87bd000-7fd3b87be000 r--p 00015000 fd:00 4729465                    /usr/lib64/libgcc_s-6.3.1-20161221.so.1
7fd3b87be000-7fd3b87bf000 rw-p 00016000 fd:00 4729465                    /usr/lib64/libgcc_s-6.3.1-20161221.so.1
7fd3b87bf000-7fd3b88c7000 r-xp 00000000 fd:00 4725723                    /usr/lib64/libm-2.24.so
7fd3b88c7000-7fd3b8ac6000 ---p 00108000 fd:00 4725723                    /usr/lib64/libm-2.24.so
7fd3b8ac6000-7fd3b8ac7000 r--p 00107000 fd:00 4725723                    /usr/lib64/libm-2.24.so
7fd3b8ac7000-7fd3b8ac8000 rw-p 00108000 fd:00 4725723                    /usr/lib64/libm-2.24.so
7fd3b8ac8000-7fd3b8c40000 r-xp 00000000 fd:00 4727127                    /usr/lib64/libstdc++.so.6.0.22
7fd3b8c40000-7fd3b8e40000 ---p 00178000 fd:00 4727127                    /usr/lib64/libstdc++.so.6.0.22
7fd3b8e40000-7fd3b8e4a000 r--p 00178000 fd:00 4727127                    /usr/lib64/libstdc++.so.6.0.22
7fd3b8e4a000-7fd3b8e4c000 rw-p 00182000 fd:00 4727127                    /usr/lib64/libstdc++.so.6.0.22
7fd3b8e4c000-7fd3b8e50000 rw-p 00000000 00:00 0 
7fd3b8e50000-7fd3b9b66000 r-xp 00000000 fd:00 539988                     /usr/lib/jvm/java-1.8.0-openjdk-1.8.0.131-1.b12.fc25.x86_64/jre/lib/amd64/server/libjvm.so
7fd3b9b66000-7fd3b9d66000 ---p 00d16000 fd:00 539988                     /usr/lib/jvm/java-1.8.0-openjdk-1.8.0.131-1.b12.fc25.x86_64/jre/lib/amd64/server/libjvm.so
7fd3b9d66000-7fd3b9e01000 r--p 00d16000 fd:00 539988                     /usr/lib/jvm/java-1.8.0-openjdk-1.8.0.131-1.b12.fc25.x86_64/jre/lib/amd64/server/libjvm.so
7fd3b9e01000-7fd3b9e2a000 rw-p 00db1000 fd:00 539988                     /usr/lib/jvm/java-1.8.0-openjdk-1.8.0.131-1.b12.fc25.x86_64/jre/lib/amd64/server/libjvm.so
7fd3b9e2a000-7fd3b9e5a000 rw-p 00000000 00:00 0 
7fd3b9e5a000-7fd3ba016000 r-xp 00000000 fd:00 4725717                    /usr/lib64/libc-2.24.so
7fd3ba016000-7fd3ba216000 ---p 001bc000 fd:00 4725717                    /usr/lib64/libc-2.24.so
7fd3ba216000-7fd3ba21a000 r--p 001bc000 fd:00 4725717                    /usr/lib64/libc-2.24.so
7fd3ba21a000-7fd3ba21c000 rw-p 001c0000 fd:00 4725717                    /usr/lib64/libc-2.24.so
7fd3ba21c000-7fd3ba220000 rw-p 00000000 00:00 0 
7fd3ba220000-7fd3ba223000 r-xp 00000000 fd:00 4725721                    /usr/lib64/libdl-2.24.so
7fd3ba223000-7fd3ba422000 ---p 00003000 fd:00 4725721                    /usr/lib64/libdl-2.24.so
7fd3ba422000-7fd3ba423000 r--p 00002000 fd:00 4725721                    /usr/lib64/libdl-2.24.so
7fd3ba423000-7fd3ba424000 rw-p 00003000 fd:00 4725721                    /usr/lib64/libdl-2.24.so
7fd3ba424000-7fd3ba431000 r-xp 00000000 fd:00 539984                     /usr/lib/jvm/java-1.8.0-openjdk-1.8.0.131-1.b12.fc25.x86_64/jre/lib/amd64/jli/libjli.so
7fd3ba431000-7fd3ba631000 ---p 0000d000 fd:00 539984                     /usr/lib/jvm/java-1.8.0-openjdk-1.8.0.131-1.b12.fc25.x86_64/jre/lib/amd64/jli/libjli.so
7fd3ba631000-7fd3ba632000 r--p 0000d000 fd:00 539984                     /usr/lib/jvm/java-1.8.0-openjdk-1.8.0.131-1.b12.fc25.x86_64/jre/lib/amd64/jli/libjli.so
7fd3ba632000-7fd3ba633000 rw-p 00000000 00:00 0 
7fd3ba633000-7fd3ba648000 r-xp 00000000 fd:00 4728560                    /usr/lib64/libz.so.1.2.8
7fd3ba648000-7fd3ba847000 ---p 00015000 fd:00 4728560                    /usr/lib64/libz.so.1.2.8
7fd3ba847000-7fd3ba848000 r--p 00014000 fd:00 4728560                    /usr/lib64/libz.so.1.2.8
7fd3ba848000-7fd3ba849000 rw-p 00015000 fd:00 4728560                    /usr/lib64/libz.so.1.2.8
7fd3ba849000-7fd3ba861000 r-xp 00000000 fd:00 4725736                    /usr/lib64/libpthread-2.24.so
7fd3ba861000-7fd3baa61000 ---p 00018000 fd:00 4725736                    /usr/lib64/libpthread-2.24.so
7fd3baa61000-7fd3baa62000 r--p 00018000 fd:00 4725736                    /usr/lib64/libpthread-2.24.so
7fd3baa62000-7fd3baa63000 rw-p 00019000 fd:00 4725736                    /usr/lib64/libpthread-2.24.so
7fd3baa63000-7fd3baa67000 rw-p 00000000 00:00 0 
7fd3baa67000-7fd3baa8d000 r-xp 00000000 fd:00 4725645                    /usr/lib64/ld-2.24.so
7fd3baa8d000-7fd3baa91000 r--s 00032000 fd:00 3279910                    /home/sgeorgiou/GitHub/SEMTs_Comparisson/powerapi-cli/lib/com.typesafe.config-1.2.1.jar
7fd3baa91000-7fd3baa95000 r--s 0001e000 fd:00 3279957                    /home/sgeorgiou/GitHub/SEMTs_Comparisson/powerapi-cli/lib/org.apache.logging.log4j.log4j-api-2.3.jar
7fd3baa95000-7fd3bab60000 rw-p 00000000 00:00 0 
7fd3bab60000-7fd3bab63000 ---p 00000000 00:00 0 
7fd3bab63000-7fd3bac65000 rw-p 00000000 00:00 0 
7fd3bac65000-7fd3bac66000 r--s 00007000 fd:00 3279898                    /home/sgeorgiou/GitHub/SEMTs_Comparisson/powerapi-cli/lib/com.fasterxml.jackson.module.jackson-module-jaxb-annotations-2.1.2.jar
7fd3bac66000-7fd3bac67000 r--s 0000b000 fd:00 3279918                    /home/sgeorgiou/GitHub/SEMTs_Comparisson/powerapi-cli/lib/fr.inria.powerspy.powerspy-core_2.11-1.2.jar
7fd3bac67000-7fd3bac69000 r--s 00010000 fd:00 3279933                    /home/sgeorgiou/GitHub/SEMTs_Comparisson/powerapi-cli/lib/libpfm.jar
7fd3bac69000-7fd3bac6e000 r--s 00081000 fd:00 3279889                    /home/sgeorgiou/GitHub/SEMTs_Comparisson/powerapi-cli/lib/bluecove-2.1.0.jar
7fd3bac6e000-7fd3bac6f000 r--s 00015000 fd:00 3279890                    /home/sgeorgiou/GitHub/SEMTs_Comparisson/powerapi-cli/lib/bluecove-gpl-2.1.0.jar
7fd3bac6f000-7fd3bac7e000 r--s 000ba000 fd:00 3279979                    /home/sgeorgiou/GitHub/SEMTs_Comparisson/powerapi-cli/lib/org.powerapi.powerapi-core-3.4.jar
7fd3bac7e000-7fd3bac80000 r--s 00009000 fd:00 3279989                    /home/sgeorgiou/GitHub/SEMTs_Comparisson/powerapi-cli/lib/powerapi-cli.powerapi-cli-3.4.jar
7fd3bac80000-7fd3bac88000 rw-s 00000000 00:29 417221                     /tmp/hsperfdata_sgeorgiou/22074
7fd3bac88000-7fd3bac89000 rw-p 00000000 00:00 0 
7fd3bac89000-7fd3bac8a000 ---p 00000000 00:00 0 
7fd3bac8a000-7fd3bac8c000 rw-p 00000000 00:00 0 
7fd3bac8c000-7fd3bac8d000 r--p 00025000 fd:00 4725645                    /usr/lib64/ld-2.24.so
7fd3bac8d000-7fd3bac8e000 rw-p 00026000 fd:00 4725645                    /usr/lib64/ld-2.24.so
7fd3bac8e000-7fd3bac8f000 rw-p 00000000 00:00 0 
7ffde0bb9000-7ffde0bdd000 rw-p 00000000 00:00 0                          [stack]
7ffde0bde000-7ffde0be0000 r--p 00000000 00:00 0                          [vvar]
7ffde0be0000-7ffde0be2000 r-xp 00000000 00:00 0                          [vdso]
ffffffffff600000-ffffffffff601000 r-xp 00000000 00:00 0                  [vsyscall]

VM Arguments:
java_command: org.powerapi.app.PowerAPI modules procfs-cpu-simple monitor --frequency 1000 --pids 22056 --agg max --console duration 86400
java_class_path (initial): /home/sgeorgiou/GitHub/SEMTs_Comparisson/powerapi-cli/lib/powerapi-cli.powerapi-cli-3.4.jar:/home/sgeorgiou/GitHub/SEMTs_Comparisson/powerapi-cli/lib/org.powerapi.powerapi-core-3.4.jar:/home/sgeorgiou/GitHub/SEMTs_Comparisson/powerapi-cli/lib/bluecove-gpl-2.1.0.jar:/home/sgeorgiou/GitHub/SEMTs_Comparisson/powerapi-cli/lib/bluecove-2.1.0.jar:/home/sgeorgiou/GitHub/SEMTs_Comparisson/powerapi-cli/lib/libsigar-x86-linux.so:/home/sgeorgiou/GitHub/SEMTs_Comparisson/powerapi-cli/lib/libsigar-ppc-aix-5.so:/home/sgeorgiou/GitHub/SEMTs_Comparisson/powerapi-cli/lib/sigar-amd64-winnt.dll:/home/sgeorgiou/GitHub/SEMTs_Comparisson/powerapi-cli/lib/libsigar-amd64-linux.so:/home/sgeorgiou/GitHub/SEMTs_Comparisson/powerapi-cli/lib/sigar-x86-winnt.dll:/home/sgeorgiou/GitHub/SEMTs_Comparisson/powerapi-cli/lib/libsigar-x86-freebsd-6.so:/home/sgeorgiou/GitHub/SEMTs_Comparisson/powerapi-cli/lib/libpfm.jar:/home/sgeorgiou/GitHub/SEMTs_Comparisson/powerapi-cli/lib/libsigar-x86-freebsd-5.so:/home/sgeorgiou/GitHub/SEMTs_Comparisson/powerapi-cli/lib/fusejna.jar:/home/sgeorgiou/GitHub/SEMTs_Comparisson/powerapi-cli/lib/libsigar-arm-linux.so:/home/sgeorgiou/GitHub/SEMTs_Comparisson/powerapi-cli/lib/libsigar-x86-solaris.so:/home/sgeorgiou/GitHub/SEMTs_Comparisson/powerapi-cli/lib/libsigar-ppc64-aix-5.so:/home/sgeorgiou/GitHub/SEMTs_Comparisson/powerapi-cli/lib/libsigar-ia64-linux.so:/home/sgeorgiou/GitHub/SEMTs_Comparisson/powerapi-cli/lib/libsigar-sparc64-solaris.so:/home/sgeorgiou/GitHub/SEMTs_Comparisson/powerapi-cli/lib/libsigar-s390x-linux.so:/home/sgeorgiou/GitHub/SEMTs_Comparisson/powerapi-cli/lib/libsigar-amd64-solaris.so:/home/sgeorgiou/GitHub/SEMTs_Comparisson/powerapi-cli/lib/libsigar-amd64-freebsd-6.so:/home/sgeorgiou/GitHub/SEMTs_Comparisson/powerapi-cli/lib/libsigar-ppc64-linux.so:/home/sgeorgiou/GitHub/SEMTs_Comparisson/powerapi-cli/lib/libsigar-sparc-solaris.so:/home/sgeorgiou/GitHub/SEMTs_Comparisson/powerapi-cli/lib/libsigar-ppc-linux.so:/home/sgeorg
Launcher Type: SUN_STANDARD

Environment Variables:
PATH=/home/sgeorgiou/bin/swift/usr/bin:/home/sgeorgiou/bin/swift/usr/bin:/usr/lib64/qt-3.3/bin:/usr/lib64/ccache:/usr/local/bin:/usr/local/sbin:/usr/bin:/usr/sbin:/home/sgeorgiou/.local/bin:/home/sgeorgiou/bin
USERNAME=sgeorgiou
LD_LIBRARY_PATH=:/usr/local/lib:/usr/local/lib
SHELL=/bin/bash
DISPLAY=:0

Signal Handlers:
SIGSEGV: [libjvm.so+0xb1b2a0], sa_mask[0]=11111111011111111101111111111110, sa_flags=SA_RESTART|SA_SIGINFO
SIGBUS: [libjvm.so+0xb1b2a0], sa_mask[0]=11111111011111111101111111111110, sa_flags=SA_RESTART|SA_SIGINFO
SIGFPE: [libjvm.so+0x8ec1f0], sa_mask[0]=11111111011111111101111111111110, sa_flags=SA_RESTART|SA_SIGINFO
SIGPIPE: [libjvm.so+0x8ec1f0], sa_mask[0]=11111111011111111101111111111110, sa_flags=SA_RESTART|SA_SIGINFO
SIGXFSZ: [libjvm.so+0x8ec1f0], sa_mask[0]=11111111011111111101111111111110, sa_flags=SA_RESTART|SA_SIGINFO
SIGILL: [libjvm.so+0x8ec1f0], sa_mask[0]=11111111011111111101111111111110, sa_flags=SA_RESTART|SA_SIGINFO
SIGUSR1: SIG_DFL, sa_mask[0]=00000000000000000000000000000000, sa_flags=none
SIGUSR2: [libjvm.so+0x8ec0a0], sa_mask[0]=00000000000000000000000000000000, sa_flags=SA_RESTART|SA_SIGINFO
SIGHUP: [libjvm.so+0x8ec550], sa_mask[0]=11111111011111111101111111111110, sa_flags=SA_RESTART|SA_SIGINFO
SIGINT: SIG_IGN, sa_mask[0]=00000000000000000000000000000000, sa_flags=none
SIGTERM: [libjvm.so+0x8ec550], sa_mask[0]=11111111011111111101111111111110, sa_flags=SA_RESTART|SA_SIGINFO
SIGQUIT: [libjvm.so+0x8ec550], sa_mask[0]=11111111011111111101111111111110, sa_flags=SA_RESTART|SA_SIGINFO


---------------  S Y S T E M  ---------------

OS:Fedora release 25 (Twenty Five)

uname:Linux 4.11.10-200.fc25.x86_64 #1 SMP Wed Jul 12 19:04:52 UTC 2017 x86_64
libc:glibc 2.24 NPTL 2.24 
rlimit: STACK 8192k, CORE infinity, NPROC 31361, NOFILE 4096, AS infinity
load average:99.74 69.21 32.05

/proc/meminfo:
MemTotal:        8052540 kB
MemFree:          104640 kB
MemAvailable:          0 kB
Buffers:             252 kB
Cached:           725712 kB
SwapCached:            0 kB
Active:          6728768 kB
Inactive:         842952 kB
Active(anon):    6727024 kB
Inactive(anon):   840688 kB
Active(file):       1744 kB
Inactive(file):     2264 kB
Unevictable:         448 kB
Mlocked:             448 kB
SwapTotal:        454652 kB
SwapFree:              4 kB
Dirty:                 0 kB
Writeback:             0 kB
AnonPages:       6847068 kB
Mapped:            10040 kB
Shmem:            721716 kB
Slab:             138716 kB
SReclaimable:      48132 kB
SUnreclaim:        90584 kB
KernelStack:       24464 kB
PageTables:       107860 kB
NFS_Unstable:          0 kB
Bounce:                0 kB
WritebackTmp:          0 kB
CommitLimit:     4480920 kB
Committed_AS:   21532300 kB
VmallocTotal:   34359738367 kB
VmallocUsed:           0 kB
VmallocChunk:          0 kB
HardwareCorrupted:     0 kB
AnonHugePages:         0 kB
ShmemHugePages:        0 kB
ShmemPmdMapped:        0 kB
CmaTotal:              0 kB
CmaFree:               0 kB
HugePages_Total:       0
HugePages_Free:        0
HugePages_Rsvd:        0
HugePages_Surp:        0
Hugepagesize:       2048 kB
DirectMap4k:      336880 kB
DirectMap2M:     7929856 kB
DirectMap1G:           0 kB


CPU:total 4 (initial active 4) (2 cores per cpu, 2 threads per core) family 6 model 78 stepping 3, cmov, cx8, fxsr, mmx, sse, sse2, sse3, ssse3, sse4.1, sse4.2, popcnt, avx, avx2, aes, clmul, erms, 3dnowpref, lzcnt, ht, tsc, tscinvbit, bmi1, bmi2, adx

/proc/cpuinfo:
processor	: 0
vendor_id	: GenuineIntel
cpu family	: 6
model		: 78
model name	: Intel(R) Core(TM) i7-6500U CPU @ 2.50GHz
stepping	: 3
microcode	: 0xba
cpu MHz		: 2500.000
cache size	: 4096 KB
physical id	: 0
siblings	: 4
core id		: 0
cpu cores	: 2
apicid		: 0
initial apicid	: 0
fpu		: yes
fpu_exception	: yes
cpuid level	: 22
wp		: yes
flags		: fpu vme de pse tsc msr pae mce cx8 apic sep mtrr pge mca cmov pat pse36 clflush dts acpi mmx fxsr sse sse2 ss ht tm pbe syscall nx pdpe1gb rdtscp lm constant_tsc art arch_perfmon pebs bts rep_good nopl xtopology nonstop_tsc cpuid aperfmperf tsc_known_freq pni pclmulqdq dtes64 monitor ds_cpl vmx est tm2 ssse3 sdbg fma cx16 xtpr pdcm pcid sse4_1 sse4_2 x2apic movbe popcnt tsc_deadline_timer aes xsave avx f16c rdrand lahf_lm abm 3dnowprefetch epb intel_pt tpr_shadow vnmi flexpriority ept vpid fsgsbase tsc_adjust bmi1 avx2 smep bmi2 erms invpcid mpx rdseed adx smap clflushopt xsaveopt xsavec xgetbv1 xsaves dtherm ida arat pln pts hwp hwp_notify hwp_act_window hwp_epp
bugs		:
bogomips	: 5184.00
clflush size	: 64
cache_alignment	: 64
address sizes	: 39 bits physical, 48 bits virtual
power management:

processor	: 1
vendor_id	: GenuineIntel
cpu family	: 6
model		: 78
model name	: Intel(R) Core(TM) i7-6500U CPU @ 2.50GHz
stepping	: 3
microcode	: 0xba
cpu MHz		: 2500.000
cache size	: 4096 KB
physical id	: 0
siblings	: 4
core id		: 1
cpu cores	: 2
apicid		: 2
initial apicid	: 2
fpu		: yes
fpu_exception	: yes
cpuid level	: 22
wp		: yes
flags		: fpu vme de pse tsc msr pae mce cx8 apic sep mtrr pge mca cmov pat pse36 clflush dts acpi mmx fxsr sse sse2 ss ht tm pbe syscall nx pdpe1gb rdtscp lm constant_tsc art arch_perfmon pebs bts rep_good nopl xtopology nonstop_tsc cpuid aperfmperf tsc_known_freq pni pclmulqdq dtes64 monitor ds_cpl vmx est tm2 ssse3 sdbg fma cx16 xtpr pdcm pcid sse4_1 sse4_2 x2apic movbe popcnt tsc_deadline_timer aes xsave avx f16c rdrand lahf_lm abm 3dnowprefetch epb intel_pt tpr_shadow vnmi flexpriority ept vpid fsgsbase tsc_adjust bmi1 avx2 smep bmi2 erms invpcid mpx rdseed adx smap clflushopt xsaveopt xsavec xgetbv1 xsaves dtherm ida arat pln pts hwp hwp_notify hwp_act_window hwp_epp
bugs		:
bogomips	: 5187.36
clflush size	: 64
cache_alignment	: 64
address sizes	: 39 bits physical, 48 bits virtual
power management:

processor	: 2
vendor_id	: GenuineIntel
cpu family	: 6
model		: 78
model name	: Intel(R) Core(TM) i7-6500U CPU @ 2.50GHz
stepping	: 3
microcode	: 0xba
cpu MHz		: 2500.000
cache size	: 4096 KB
physical id	: 0
siblings	: 4
core id		: 0
cpu cores	: 2
apicid		: 1
initial apicid	: 1
fpu		: yes
fpu_exception	: yes
cpuid level	: 22
wp		: yes
flags		: fpu vme de pse tsc msr pae mce cx8 apic sep mtrr pge mca cmov pat pse36 clflush dts acpi mmx fxsr sse sse2 ss ht tm pbe syscall nx pdpe1gb rdtscp lm constant_tsc art arch_perfmon pebs bts rep_good nopl xtopology nonstop_tsc cpuid aperfmperf tsc_known_freq pni pclmulqdq dtes64 monitor ds_cpl vmx est tm2 ssse3 sdbg fma cx16 xtpr pdcm pcid sse4_1 sse4_2 x2apic movbe popcnt tsc_deadline_timer aes xsave avx f16c rdrand lahf_lm abm 3dnowprefetch epb intel_pt tpr_shadow vnmi flexpriority ept vpid fsgsbase tsc_adjust bmi1 avx2 smep bmi2 erms invpcid mpx rdseed adx smap clflushopt xsaveopt xsavec xgetbv1 xsaves dtherm ida arat pln pts hwp hwp_notify hwp_act_window hwp_epp
bugs		:
bogomips	: 5188.86
clflush size	: 64
cache_alignment	: 64
address sizes	: 39 bits physical, 48 bits virtual
power management:

processor	: 3
vendor_id	: GenuineIntel
cpu family	: 6
model		: 78
model name	: Intel(R) Core(TM) i7-6500U CPU @ 2.50GHz
stepping	: 3
microcode	: 0xba
cpu MHz		: 2500.000
cache size	: 4096 KB
physical id	: 0
siblings	: 4
core id		: 1
cpu cores	: 2
apicid		: 3
initial apicid	: 3
fpu		: yes
fpu_exception	: yes
cpuid level	: 22
wp		: yes
flags		: fpu vme de pse tsc msr pae mce cx8 apic sep mtrr pge mca cmov pat pse36 clflush dts acpi mmx fxsr sse sse2 ss ht tm pbe syscall nx pdpe1gb rdtscp lm constant_tsc art arch_perfmon pebs bts rep_good nopl xtopology nonstop_tsc cpuid aperfmperf tsc_known_freq pni pclmulqdq dtes64 monitor ds_cpl vmx est tm2 ssse3 sdbg fma cx16 xtpr pdcm pcid sse4_1 sse4_2 x2apic movbe popcnt tsc_deadline_timer aes xsave avx f16c rdrand lahf_lm abm 3dnowprefetch epb intel_pt tpr_shadow vnmi flexpriority ept vpid fsgsbase tsc_adjust bmi1 avx2 smep bmi2 erms invpcid mpx rdseed adx smap clflushopt xsaveopt xsavec xgetbv1 xsaves dtherm ida arat pln pts hwp hwp_notify hwp_act_window hwp_epp
bugs		:
bogomips	: 5187.55
clflush size	: 64
cache_alignment	: 64
address sizes	: 39 bits physical, 48 bits virtual
power management:



Memory: 4k page, physical 8052540k(102336k free), swap 454652k(4k free)

vm_info: OpenJDK 64-Bit Server VM (25.131-b12) for linux-amd64 JRE (1.8.0_131-b12), built on Apr 21 2017 12:26:43 by "mockbuild" with gcc 6.3.1 20161221 (Red Hat 6.3.1-1)

time: Wed Jul 26 12:46:39 2017
elapsed time: 2716 seconds (0d 0h 45m 16s)

