#
# There is insufficient memory for the Java Runtime Environment to continue.
# Native memory allocation (mmap) failed to map 65011712 bytes for committing reserved memory.
# Possible reasons:
#   The system is out of physical RAM or swap space
#   In 32 bit mode, the process size limit was hit
# Possible solutions:
#   Reduce memory load on the system
#   Increase physical memory or swap space
#   Check if swap backing store is full
#   Use 64 bit Java on a 64 bit OS
#   Decrease Java heap size (-Xmx/-Xms)
#   Decrease number of Java threads
#   Decrease Java thread stack sizes (-Xss)
#   Set larger code cache with -XX:ReservedCodeCacheSize=
# This output file may be truncated or incomplete.
#
#  Out of Memory Error (os_linux.cpp:2651), pid=14683, tid=0x00007fcc7c763700
#
# JRE version: OpenJDK Runtime Environment (8.0_131-b12) (build 1.8.0_131-b12)
# Java VM: OpenJDK 64-Bit Server VM (25.131-b12 mixed mode linux-amd64 compressed oops)
# Core dump written. Default location: /home/sgeorgiou/GitHub/SEMTs_Comparisson/powerapi-cli/bin/core or core.14683
#

---------------  T H R E A D  ---------------

Current thread (0x00007fcc90089800):  VMThread [stack: 0x00007fcc7c663000,0x00007fcc7c764000] [id=14822]

Stack: [0x00007fcc7c663000,0x00007fcc7c764000],  sp=0x00007fcc7c762490,  free space=1021k
Native frames: (J=compiled Java code, j=interpreted, Vv=VM code, C=native code)
V  [libjvm.so+0xb1a810]
V  [libjvm.so+0x4e623c]
V  [libjvm.so+0x8f09d0]
V  [libjvm.so+0x8eb05e]
V  [libjvm.so+0x96732e]
V  [libjvm.so+0x9686b3]
V  [libjvm.so+0x964d73]
V  [libjvm.so+0x95d139]
V  [libjvm.so+0x4671c3]
V  [libjvm.so+0xb1bce9]
V  [libjvm.so+0xb21627]
V  [libjvm.so+0xb1ed87]
V  [libjvm.so+0xb20206]
V  [libjvm.so+0xb2071d]
V  [libjvm.so+0x8edf62]

VM_Operation (0x00007fcc99220390): CollectForMetadataAllocation, mode: safepoint, requested by thread 0x00007fcc9000e800


---------------  P R O C E S S  ---------------

Java Threads: ( => current thread )
  0x00007fcc90a83000 JavaThread "PowerMeter-16613943996693-scheduler-1" [_thread_blocked, id=14861, stack(0x00007fcc59125000,0x00007fcc59226000)]
  0x00007fcc902e8800 JavaThread "process reaper" daemon [_thread_blocked, id=14847, stack(0x00007fcc59226000,0x00007fcc5925f000)]
  0x00007fcc900d8000 JavaThread "Service Thread" daemon [_thread_blocked, id=14835, stack(0x00007fcc59360000,0x00007fcc59461000)]
  0x00007fcc900d3000 JavaThread "C1 CompilerThread2" daemon [_thread_blocked, id=14834, stack(0x00007fcc7c05d000,0x00007fcc7c15e000)]
  0x00007fcc900d1800 JavaThread "C2 CompilerThread1" daemon [_thread_blocked, id=14833, stack(0x00007fcc7c15e000,0x00007fcc7c25f000)]
  0x00007fcc900c4000 JavaThread "C2 CompilerThread0" daemon [_thread_blocked, id=14832, stack(0x00007fcc7c25f000,0x00007fcc7c360000)]
  0x00007fcc900c2000 JavaThread "Signal Dispatcher" daemon [_thread_blocked, id=14831, stack(0x00007fcc7c360000,0x00007fcc7c461000)]
  0x00007fcc90097800 JavaThread "Finalizer" daemon [_thread_blocked, id=14824, stack(0x00007fcc7c461000,0x00007fcc7c562000)]
  0x00007fcc90093000 JavaThread "Reference Handler" daemon [_thread_blocked, id=14823, stack(0x00007fcc7c562000,0x00007fcc7c663000)]
  0x00007fcc9000e800 JavaThread "main" [_thread_blocked, id=14814, stack(0x00007fcc99122000,0x00007fcc99223000)]

Other Threads:
=>0x00007fcc90089800 VMThread [stack: 0x00007fcc7c663000,0x00007fcc7c764000] [id=14822]
  0x00007fcc900da800 WatcherThread [stack: 0x00007fcc5925f000,0x00007fcc59360000] [id=14836]

VM state:at safepoint (normal execution)

VM Mutex/Monitor currently owned by a thread:  ([mutex/lock_event])
[0x00007fcc9000b1f0] Threads_lock - owner thread: 0x00007fcc90089800
[0x00007fcc9000b6f0] Heap_lock - owner thread: 0x00007fcc9000e800

Heap:
 PSYoungGen      total 68608K, used 5100K [0x00000000d7100000, 0x00000000db900000, 0x0000000100000000)
  eden space 63488K, 0% used [0x00000000d7100000,0x00000000d7100000,0x00000000daf00000)
  from space 5120K, 99% used [0x00000000daf00000,0x00000000db3fb388,0x00000000db400000)
  to   space 5120K, 0% used [0x00000000db400000,0x00000000db400000,0x00000000db900000)
 ParOldGen       total 84992K, used 7227K [0x0000000085200000, 0x000000008a500000, 0x00000000d7100000)
  object space 84992K, 8% used [0x0000000085200000,0x000000008590ee98,0x000000008a500000)
 Metaspace       used 20863K, capacity 21018K, committed 21296K, reserved 1067008K
  class space    used 2761K, capacity 2821K, committed 2944K, reserved 1048576K

Card table byte_map: [0x00007fcc9596e000,0x00007fcc95d46000] byte_map_base: 0x00007fcc95545000

Marking Bits: (ParMarkBitMap*) 0x00007fcc983fdaa0
 Begin Bits: [0x00007fcc7d290000, 0x00007fcc7f148000)
 End Bits:   [0x00007fcc7f148000, 0x00007fcc81000000)

Polling page: 0x00007fcc99249000

CodeCache: size=245760Kb used=4257Kb max_used=4257Kb free=241502Kb
 bounds [0x00007fcc81000000, 0x00007fcc81430000, 0x00007fcc90000000]
 total_blobs=1660 nmethods=1273 adapters=301
 compilation: enabled

Compilation events (10 events):
Event: 4.107 Thread 0x00007fcc900d3000 1270       3       com.typesafe.config.impl.Path::length (24 bytes)
Event: 4.107 Thread 0x00007fcc900d3000 nmethod 1270 0x00007fcc81425610 code [0x00007fcc81425780, 0x00007fcc81425990]
Event: 4.119 Thread 0x00007fcc900d3000 1271       3       scala.collection.generic.Subtractable$class::$init$ (1 bytes)
Event: 4.119 Thread 0x00007fcc900d3000 nmethod 1271 0x00007fcc81425a90 code [0x00007fcc81425be0, 0x00007fcc81425d10]
Event: 4.129 Thread 0x00007fcc900d3000 1272       1       java.util.Collections$1::hasNext (5 bytes)
Event: 4.130 Thread 0x00007fcc900d3000 nmethod 1272 0x00007fcc81425d90 code [0x00007fcc81425ee0, 0x00007fcc81425ff0]
Event: 4.136 Thread 0x00007fcc900d3000 1273       3       com.typesafe.config.impl.Parser::parsePathExpression (292 bytes)
Event: 4.142 Thread 0x00007fcc900d3000 nmethod 1273 0x00007fcc81426050 code [0x00007fcc814265a0, 0x00007fcc81429b08]
Event: 4.142 Thread 0x00007fcc900d3000 1274       3       com.typesafe.config.impl.AbstractConfigObject::valueType (4 bytes)
Event: 4.143 Thread 0x00007fcc900d3000 nmethod 1274 0x00007fcc8142b990 code [0x00007fcc8142bb00, 0x00007fcc8142bc50]

GC Heap History (5 events):
Event: 1.801 GC heap before
{Heap before GC invocations=1 (full 0):
 PSYoungGen      total 36864K, used 31744K [0x00000000d7100000, 0x00000000d9a00000, 0x0000000100000000)
  eden space 31744K, 100% used [0x00000000d7100000,0x00000000d9000000,0x00000000d9000000)
  from space 5120K, 0% used [0x00000000d9500000,0x00000000d9500000,0x00000000d9a00000)
  to   space 5120K, 0% used [0x00000000d9000000,0x00000000d9000000,0x00000000d9500000)
 ParOldGen       total 84992K, used 0K [0x0000000085200000, 0x000000008a500000, 0x00000000d7100000)
  object space 84992K, 0% used [0x0000000085200000,0x0000000085200000,0x000000008a500000)
 Metaspace       used 12357K, capacity 12532K, committed 12672K, reserved 1060864K
  class space    used 1575K, capacity 1636K, committed 1664K, reserved 1048576K
Event: 1.827 GC heap after
Heap after GC invocations=1 (full 0):
 PSYoungGen      total 36864K, used 5104K [0x00000000d7100000, 0x00000000db900000, 0x0000000100000000)
  eden space 31744K, 0% used [0x00000000d7100000,0x00000000d7100000,0x00000000d9000000)
  from space 5120K, 99% used [0x00000000d9000000,0x00000000d94fc278,0x00000000d9500000)
  to   space 5120K, 0% used [0x00000000db400000,0x00000000db400000,0x00000000db900000)
 ParOldGen       total 84992K, used 1233K [0x0000000085200000, 0x000000008a500000, 0x00000000d7100000)
  object space 84992K, 1% used [0x0000000085200000,0x0000000085334720,0x000000008a500000)
 Metaspace       used 12357K, capacity 12532K, committed 12672K, reserved 1060864K
  class space    used 1575K, capacity 1636K, committed 1664K, reserved 1048576K
}
Event: 2.991 GC heap before
{Heap before GC invocations=2 (full 0):
 PSYoungGen      total 36864K, used 36848K [0x00000000d7100000, 0x00000000db900000, 0x0000000100000000)
  eden space 31744K, 100% used [0x00000000d7100000,0x00000000d9000000,0x00000000d9000000)
  from space 5120K, 99% used [0x00000000d9000000,0x00000000d94fc278,0x00000000d9500000)
  to   space 5120K, 0% used [0x00000000db400000,0x00000000db400000,0x00000000db900000)
 ParOldGen       total 84992K, used 1233K [0x0000000085200000, 0x000000008a500000, 0x00000000d7100000)
  object space 84992K, 1% used [0x0000000085200000,0x0000000085334720,0x000000008a500000)
 Metaspace       used 16707K, capacity 16890K, committed 17152K, reserved 1064960K
  class space    used 2156K, capacity 2213K, committed 2304K, reserved 1048576K
Event: 3.013 GC heap after
Heap after GC invocations=2 (full 0):
 PSYoungGen      total 68608K, used 5116K [0x00000000d7100000, 0x00000000db900000, 0x0000000100000000)
  eden space 63488K, 0% used [0x00000000d7100000,0x00000000d7100000,0x00000000daf00000)
  from space 5120K, 99% used [0x00000000db400000,0x00000000db8ff3a8,0x00000000db900000)
  to   space 5120K, 0% used [0x00000000daf00000,0x00000000daf00000,0x00000000db400000)
 ParOldGen       total 84992K, used 2969K [0x0000000085200000, 0x000000008a500000, 0x00000000d7100000)
  object space 84992K, 3% used [0x0000000085200000,0x00000000854e6528,0x000000008a500000)
 Metaspace       used 16707K, capacity 16890K, committed 17152K, reserved 1064960K
  class space    used 2156K, capacity 2213K, committed 2304K, reserved 1048576K
}
Event: 4.151 GC heap before
{Heap before GC invocations=3 (full 0):
 PSYoungGen      total 68608K, used 32908K [0x00000000d7100000, 0x00000000db900000, 0x0000000100000000)
  eden space 63488K, 43% used [0x00000000d7100000,0x00000000d8c23f18,0x00000000daf00000)
  from space 5120K, 99% used [0x00000000db400000,0x00000000db8ff3a8,0x00000000db900000)
  to   space 5120K, 0% used [0x00000000daf00000,0x00000000daf00000,0x00000000db400000)
 ParOldGen       total 84992K, used 2969K [0x0000000085200000, 0x000000008a500000, 0x00000000d7100000)
  object space 84992K, 3% used [0x0000000085200000,0x00000000854e6528,0x000000008a500000)
 Metaspace       used 20863K, capacity 21018K, committed 21296K, reserved 1067008K
  class space    used 2761K, capacity 2821K, committed 2944K, reserved 1048576K

Deoptimization events (10 events):
Event: 2.060 Thread 0x00007fcc9000e800 Uncommon trap: reason=class_check action=maybe_recompile pc=0x00007fcc812d5bac method=java.util.HashMap.putVal(ILjava/lang/Object;Ljava/lang/Object;ZZ)Ljava/lang/Object; @ 203
Event: 2.421 Thread 0x00007fcc9000e800 Uncommon trap: reason=unstable_if action=reinterpret pc=0x00007fcc812d5b4c method=java.util.HashMap.putVal(ILjava/lang/Object;Ljava/lang/Object;ZZ)Ljava/lang/Object; @ 236
Event: 2.471 Thread 0x00007fcc9000e800 Uncommon trap: reason=unstable_if action=reinterpret pc=0x00007fcc81330f30 method=java.lang.StringCoding.decode(Ljava/lang/String;[BII)[C @ 51
Event: 2.524 Thread 0x00007fcc9000e800 Uncommon trap: reason=unstable_if action=reinterpret pc=0x00007fcc812b12a0 method=java.lang.CharacterDataLatin1.isWhitespace(I)Z @ 14
Event: 2.707 Thread 0x00007fcc9000e800 Uncommon trap: reason=unstable_if action=reinterpret pc=0x00007fcc8132ed4c method=java.lang.ThreadLocal$ThreadLocalMap.getEntry(Ljava/lang/ThreadLocal;)Ljava/lang/ThreadLocal$ThreadLocalMap$Entry; @ 29
Event: 2.731 Thread 0x00007fcc9000e800 Uncommon trap: reason=unstable_if action=reinterpret pc=0x00007fcc8132c82c method=java.lang.ThreadLocal$ThreadLocalMap.getEntry(Ljava/lang/ThreadLocal;)Ljava/lang/ThreadLocal$ThreadLocalMap$Entry; @ 29
Event: 3.726 Thread 0x00007fcc9000e800 Uncommon trap: reason=class_check action=maybe_recompile pc=0x00007fcc813dde1c method=com.typesafe.config.impl.Tokenizer$TokenIterator.nextCharRaw()I @ 14
Event: 3.726 Thread 0x00007fcc9000e800 Uncommon trap: reason=class_check action=maybe_recompile pc=0x00007fcc813dde1c method=com.typesafe.config.impl.Tokenizer$TokenIterator.nextCharRaw()I @ 14
Event: 3.726 Thread 0x00007fcc9000e800 Uncommon trap: reason=class_check action=maybe_recompile pc=0x00007fcc813dde1c method=com.typesafe.config.impl.Tokenizer$TokenIterator.nextCharRaw()I @ 14
Event: 3.726 Thread 0x00007fcc9000e800 Uncommon trap: reason=class_check action=maybe_recompile pc=0x00007fcc813dde1c method=com.typesafe.config.impl.Tokenizer$TokenIterator.nextCharRaw()I @ 14

Internal exceptions (10 events):
Event: 0.436 Thread 0x00007fcc9000e800 Exception <a 'java/security/PrivilegedActionException'> (0x00000000d76b9e80) thrown at [/builddir/build/BUILD/java-1.8.0-openjdk-1.8.0.131-1.b12.fc25.x86_64/openjdk/hotspot/src/share/vm/prims/jvm.cpp, line 1400]
Event: 0.436 Thread 0x00007fcc9000e800 Exception <a 'java/security/PrivilegedActionException'> (0x00000000d76bc908) thrown at [/builddir/build/BUILD/java-1.8.0-openjdk-1.8.0.131-1.b12.fc25.x86_64/openjdk/hotspot/src/share/vm/prims/jvm.cpp, line 1400]
Event: 0.436 Thread 0x00007fcc9000e800 Exception <a 'java/security/PrivilegedActionException'> (0x00000000d76bcb18) thrown at [/builddir/build/BUILD/java-1.8.0-openjdk-1.8.0.131-1.b12.fc25.x86_64/openjdk/hotspot/src/share/vm/prims/jvm.cpp, line 1400]
Event: 0.436 Thread 0x00007fcc9000e800 Exception <a 'java/security/PrivilegedActionException'> (0x00000000d76bd9e0) thrown at [/builddir/build/BUILD/java-1.8.0-openjdk-1.8.0.131-1.b12.fc25.x86_64/openjdk/hotspot/src/share/vm/prims/jvm.cpp, line 1400]
Event: 0.436 Thread 0x00007fcc9000e800 Exception <a 'java/security/PrivilegedActionException'> (0x00000000d76bdbf0) thrown at [/builddir/build/BUILD/java-1.8.0-openjdk-1.8.0.131-1.b12.fc25.x86_64/openjdk/hotspot/src/share/vm/prims/jvm.cpp, line 1400]
Event: 0.866 Thread 0x00007fcc9000e800 Exception <a 'java/lang/NoSuchFieldError': method resolution failed> (0x00000000d7cd1450) thrown at [/builddir/build/BUILD/java-1.8.0-openjdk-1.8.0.131-1.b12.fc25.x86_64/openjdk/hotspot/src/share/vm/prims/methodHandles.cpp, line 1146]
Event: 0.878 Thread 0x00007fcc9000e800 Exception <a 'java/lang/NoSuchFieldError': method resolution failed> (0x00000000d7cdeca0) thrown at [/builddir/build/BUILD/java-1.8.0-openjdk-1.8.0.131-1.b12.fc25.x86_64/openjdk/hotspot/src/share/vm/prims/methodHandles.cpp, line 1146]
Event: 1.782 Thread 0x00007fcc9000e800 Exception <a 'java/lang/ArrayIndexOutOfBoundsException': 18> (0x00000000d8fcfa50) thrown at [/builddir/build/BUILD/java-1.8.0-openjdk-1.8.0.131-1.b12.fc25.x86_64/openjdk/hotspot/src/share/vm/interpreter/interpreterRuntime.cpp, line 369]
Event: 1.783 Thread 0x00007fcc9000e800 Exception <a 'java/lang/ArrayIndexOutOfBoundsException': 110> (0x00000000d8fd0fa8) thrown at [/builddir/build/BUILD/java-1.8.0-openjdk-1.8.0.131-1.b12.fc25.x86_64/openjdk/hotspot/src/share/vm/interpreter/interpreterRuntime.cpp, line 369]
Event: 2.185 Thread 0x00007fcc9000e800 Exception <a 'java/io/FileNotFoundException'> (0x00000000d773a4f8) thrown at [/builddir/build/BUILD/java-1.8.0-openjdk-1.8.0.131-1.b12.fc25.x86_64/openjdk/hotspot/src/share/vm/prims/jni.cpp, line 710]

Events (10 events):
Event: 4.146 loading class akka/dispatch/Dispatcher$LazyExecutorServiceDelegate done
Event: 4.148 loading class akka/dispatch/ForkJoinExecutorConfigurator$ForkJoinExecutorServiceFactory
Event: 4.148 loading class akka/dispatch/ForkJoinExecutorConfigurator$ForkJoinExecutorServiceFactory done
Event: 4.150 loading class akka/dispatch/ThreadPoolConfig$
Event: 4.150 loading class akka/dispatch/ThreadPoolConfig$ done
Event: 4.151 loading class akka/dispatch/SaneRejectedExecutionHandler
Event: 4.151 loading class akka/dispatch/SaneRejectedExecutionHandler done
Event: 4.151 loading class scala/runtime/RichDouble$
Event: 4.151 loading class scala/runtime/RichDouble$ done
Event: 4.151 Executing VM operation: CollectForMetadataAllocation


Dynamic libraries:
85200000-8a500000 rw-p 00000000 00:00 0 
8a500000-d7100000 ---p 00000000 00:00 0 
d7100000-db900000 rw-p 00000000 00:00 0 
df700000-100000000 ---p 00000000 00:00 0 
100000000-1002e0000 rw-p 00000000 00:00 0 
1002e0000-140000000 ---p 00000000 00:00 0 
56305b22c000-56305b22d000 r-xp 00000000 fd:00 409410                     /usr/lib/jvm/java-1.8.0-openjdk-1.8.0.131-1.b12.fc25.x86_64/jre/bin/java
56305b42c000-56305b42d000 r--p 00000000 fd:00 409410                     /usr/lib/jvm/java-1.8.0-openjdk-1.8.0.131-1.b12.fc25.x86_64/jre/bin/java
56305b42d000-56305b42e000 rw-p 00001000 fd:00 409410                     /usr/lib/jvm/java-1.8.0-openjdk-1.8.0.131-1.b12.fc25.x86_64/jre/bin/java
56305d193000-56305d1b4000 rw-p 00000000 00:00 0                          [heap]
7fcc34000000-7fcc34021000 rw-p 00000000 00:00 0 
7fcc34021000-7fcc38000000 ---p 00000000 00:00 0 
7fcc3bc00000-7fcc3bdec000 rw-p 00000000 00:00 0 
7fcc3bdec000-7fcc3be00000 ---p 00000000 00:00 0 
7fcc3be00000-7fcc3c000000 rw-p 00000000 00:00 0 
7fcc3c000000-7fcc3c021000 rw-p 00000000 00:00 0 
7fcc3c021000-7fcc40000000 ---p 00000000 00:00 0 
7fcc40000000-7fcc40021000 rw-p 00000000 00:00 0 
7fcc40021000-7fcc44000000 ---p 00000000 00:00 0 
7fcc44000000-7fcc44230000 rw-p 00000000 00:00 0 
7fcc44230000-7fcc48000000 ---p 00000000 00:00 0 
7fcc48000000-7fcc48021000 rw-p 00000000 00:00 0 
7fcc48021000-7fcc4c000000 ---p 00000000 00:00 0 
7fcc4c000000-7fcc4c455000 rw-p 00000000 00:00 0 
7fcc4c455000-7fcc50000000 ---p 00000000 00:00 0 
7fcc50000000-7fcc5027e000 rw-p 00000000 00:00 0 
7fcc5027e000-7fcc54000000 ---p 00000000 00:00 0 
7fcc54000000-7fcc54021000 rw-p 00000000 00:00 0 
7fcc54021000-7fcc58000000 ---p 00000000 00:00 0 
7fcc580d4000-7fcc580d8000 r--s 000b3000 fd:00 4860869                    /usr/lib/jvm/java-1.8.0-openjdk-1.8.0.131-1.b12.fc25.x86_64/jre/lib/jsse.jar
7fcc580d8000-7fcc582d8000 rw-p 00000000 00:00 0 
7fcc582d8000-7fcc582e9000 r-xp 00000000 fd:00 409445                     /usr/lib/jvm/java-1.8.0-openjdk-1.8.0.131-1.b12.fc25.x86_64/jre/lib/amd64/libnio.so
7fcc582e9000-7fcc584e9000 ---p 00011000 fd:00 409445                     /usr/lib/jvm/java-1.8.0-openjdk-1.8.0.131-1.b12.fc25.x86_64/jre/lib/amd64/libnio.so
7fcc584e9000-7fcc584ea000 r--p 00011000 fd:00 409445                     /usr/lib/jvm/java-1.8.0-openjdk-1.8.0.131-1.b12.fc25.x86_64/jre/lib/amd64/libnio.so
7fcc584ea000-7fcc584eb000 rw-p 00012000 fd:00 409445                     /usr/lib/jvm/java-1.8.0-openjdk-1.8.0.131-1.b12.fc25.x86_64/jre/lib/amd64/libnio.so
7fcc584eb000-7fcc58502000 r-xp 00000000 fd:00 409444                     /usr/lib/jvm/java-1.8.0-openjdk-1.8.0.131-1.b12.fc25.x86_64/jre/lib/amd64/libnet.so
7fcc58502000-7fcc58701000 ---p 00017000 fd:00 409444                     /usr/lib/jvm/java-1.8.0-openjdk-1.8.0.131-1.b12.fc25.x86_64/jre/lib/amd64/libnet.so
7fcc58701000-7fcc58702000 r--p 00016000 fd:00 409444                     /usr/lib/jvm/java-1.8.0-openjdk-1.8.0.131-1.b12.fc25.x86_64/jre/lib/amd64/libnet.so
7fcc58702000-7fcc58703000 rw-p 00017000 fd:00 409444                     /usr/lib/jvm/java-1.8.0-openjdk-1.8.0.131-1.b12.fc25.x86_64/jre/lib/amd64/libnet.so
7fcc58703000-7fcc58903000 rw-p 00000000 00:00 0 
7fcc58903000-7fcc58b03000 rw-p 00000000 00:00 0 
7fcc58b03000-7fcc58b0b000 r-xp 00000000 fd:00 409442                     /usr/lib/jvm/java-1.8.0-openjdk-1.8.0.131-1.b12.fc25.x86_64/jre/lib/amd64/libmanagement.so
7fcc58b0b000-7fcc58d0b000 ---p 00008000 fd:00 409442                     /usr/lib/jvm/java-1.8.0-openjdk-1.8.0.131-1.b12.fc25.x86_64/jre/lib/amd64/libmanagement.so
7fcc58d0b000-7fcc58d0c000 r--p 00008000 fd:00 409442                     /usr/lib/jvm/java-1.8.0-openjdk-1.8.0.131-1.b12.fc25.x86_64/jre/lib/amd64/libmanagement.so
7fcc58d0c000-7fcc58d0d000 rw-p 00009000 fd:00 409442                     /usr/lib/jvm/java-1.8.0-openjdk-1.8.0.131-1.b12.fc25.x86_64/jre/lib/amd64/libmanagement.so
7fcc58d0d000-7fcc58d4d000 r--s 00277000 fd:00 1324060                    /home/sgeorgiou/GitHub/SEMTs_Comparisson/powerapi-cli/lib/org.bouncycastle.bcprov-jdk15on-1.51.jar
7fcc58d4d000-7fcc58d5d000 r--s 00084000 fd:00 1324059                    /home/sgeorgiou/GitHub/SEMTs_Comparisson/powerapi-cli/lib/org.bouncycastle.bcpkix-jdk15on-1.51.jar
7fcc58d5d000-7fcc58d88000 r--s 001fc000 fd:00 1324024                    /home/sgeorgiou/GitHub/SEMTs_Comparisson/powerapi-cli/lib/com.google.guava.guava-18.0.jar
7fcc58d88000-7fcc58d8a000 r--s 00003000 fd:00 1324083                    /home/sgeorgiou/GitHub/SEMTs_Comparisson/powerapi-cli/lib/org.slf4j.jcl-over-slf4j-1.7.12.jar
7fcc58d8a000-7fcc58d8c000 r--s 00005000 fd:00 1324084                    /home/sgeorgiou/GitHub/SEMTs_Comparisson/powerapi-cli/lib/org.slf4j.slf4j-api-1.7.5.jar
7fcc58d8c000-7fcc58d93000 r--s 0003a000 fd:00 1324034                    /home/sgeorgiou/GitHub/SEMTs_Comparisson/powerapi-cli/lib/commons-codec.commons-codec-1.8.jar
7fcc58d93000-7fcc58d97000 r--s 00014000 fd:00 1324085                    /home/sgeorgiou/GitHub/SEMTs_Comparisson/powerapi-cli/lib/org.tukaani.xz-1.2.jar
7fcc58d97000-7fcc58d9c000 r--s 0003a000 fd:00 1324052                    /home/sgeorgiou/GitHub/SEMTs_Comparisson/powerapi-cli/lib/org.apache.commons.commons-compress-1.5.jar
7fcc58d9c000-7fcc58d9d000 r--s 00007000 fd:00 1324040                    /home/sgeorgiou/GitHub/SEMTs_Comparisson/powerapi-cli/lib/de.gesellix.unix-socket-factory-2015-01-27T15-02-14.jar
7fcc58d9d000-7fcc58da1000 r--s 00022000 fd:00 1324069                    /home/sgeorgiou/GitHub/SEMTs_Comparisson/powerapi-cli/lib/org.glassfish.jersey.core.jersey-client-2.11.jar
7fcc58da1000-7fcc58da2000 r--s 00004000 fd:00 1324066                    /home/sgeorgiou/GitHub/SEMTs_Comparisson/powerapi-cli/lib/org.glassfish.hk2.osgi-resource-locator-1.0.1.jar
7fcc58da2000-7fcc58dac000 r--s 000a5000 fd:00 1324073                    /home/sgeorgiou/GitHub/SEMTs_Comparisson/powerapi-cli/lib/org.javassist.javassist-3.18.1-GA.jar
7fcc58dac000-7fcc58daf000 r--s 00025000 fd:00 1324064                    /home/sgeorgiou/GitHub/SEMTs_Comparisson/powerapi-cli/lib/org.glassfish.hk2.hk2-locator-2.3.0-b05.jar
7fcc58daf000-7fcc58db0000 r--s 00001000 fd:00 1324062                    /home/sgeorgiou/GitHub/SEMTs_Comparisson/powerapi-cli/lib/org.glassfish.hk2.external.javax.inject-2.3.0-b05.jar
7fcc58db0000-7fcc58db2000 r--s 00002000 fd:00 1324061                    /home/sgeorgiou/GitHub/SEMTs_Comparisson/powerapi-cli/lib/org.glassfish.hk2.external.aopalliance-repackaged-2.3.0-b05.jar
7fcc58db2000-7fcc58db5000 r--s 00012000 fd:00 1324065                    /home/sgeorgiou/GitHub/SEMTs_Comparisson/powerapi-cli/lib/org.glassfish.hk2.hk2-utils-2.3.0-b05.jar
7fcc58db5000-7fcc58db9000 r--s 00023000 fd:00 1324063                    /home/sgeorgiou/GitHub/SEMTs_Comparisson/powerapi-cli/lib/org.glassfish.hk2.hk2-api-2.3.0-b05.jar
7fcc58db9000-7fcc58dd1000 r--s 000d4000 fd:00 1324067                    /home/sgeorgiou/GitHub/SEMTs_Comparisson/powerapi-cli/lib/org.glassfish.jersey.bundles.repackaged.jersey-guava-2.11.jar
7fcc58dd1000-7fcc58dd3000 r--s 00005000 fd:00 1324046                    /home/sgeorgiou/GitHub/SEMTs_Comparisson/powerapi-cli/lib/javax.annotation.javax.annotation-api-1.2.jar
7fcc58dd3000-7fcc58dd7000 r--s 00018000 fd:00 1324047                    /home/sgeorgiou/GitHub/SEMTs_Comparisson/powerapi-cli/lib/javax.ws.rs.javax.ws.rs-api-2.0.jar
7fcc58dd7000-7fcc58de6000 r--s 000a3000 fd:00 1324070                    /home/sgeorgiou/GitHub/SEMTs_Comparisson/powerapi-cli/lib/org.glassfish.jersey.core.jersey-common-2.11.jar
7fcc58de6000-7fcc58dec000 r--s 0003f000 fd:00 1324056                    /home/sgeorgiou/GitHub/SEMTs_Comparisson/powerapi-cli/lib/org.apache.httpcomponents.httpcore-4.3.jar
7fcc58dec000-7fcc58df7000 r--s 00084000 fd:00 1324055                    /home/sgeorgiou/GitHub/SEMTs_Comparisson/powerapi-cli/lib/org.apache.httpcomponents.httpclient-4.3.1.jar
7fcc58df7000-7fcc58df8000 r--s 00005000 fd:00 1324068                    /home/sgeorgiou/GitHub/SEMTs_Comparisson/powerapi-cli/lib/org.glassfish.jersey.connectors.jersey-apache-connector-2.11.jar
7fcc58df8000-7fcc58df9000 r--s 00007000 fd:00 1324018                    /home/sgeorgiou/GitHub/SEMTs_Comparisson/powerapi-cli/lib/com.fasterxml.jackson.module.jackson-module-jaxb-annotations-2.1.2.jar
7fcc58df9000-7fcc58dfb000 r--s 00007000 fd:00 1324014                    /home/sgeorgiou/GitHub/SEMTs_Comparisson/powerapi-cli/lib/com.fasterxml.jackson.core.jackson-annotations-2.1.1.jar
7fcc58dfb000-7fcc58e0b000 r--s 000d2000 fd:00 1324016                    /home/sgeorgiou/GitHub/SEMTs_Comparisson/powerapi-cli/lib/com.fasterxml.jackson.core.jackson-databind-2.1.2.jar
7fcc58e0b000-7fcc58e0f000 r--s 0002f000 fd:00 1324015                    /home/sgeorgiou/GitHub/SEMTs_Comparisson/powerapi-cli/lib/com.fasterxml.jackson.core.jackson-core-2.1.2.jar
7fcc58e0f000-7fcc58e11000 r--s 00005000 fd:00 1324017                    /home/sgeorgiou/GitHub/SEMTs_Comparisson/powerapi-cli/lib/com.fasterxml.jackson.jaxrs.jackson-jaxrs-json-provider-2.1.2.jar
7fcc58e11000-7fcc58e1b000 r--s 00051000 fd:00 1325248                    /home/sgeorgiou/GitHub/SEMTs_Comparisson/powerapi-cli/lib/com.github.docker-java.docker-java-2.1.1.jar
7fcc58e1b000-7fcc58e1f000 r--s 000dc000 fd:00 1325282                    /home/sgeorgiou/GitHub/SEMTs_Comparisson/powerapi-cli/lib/net.java.dev.jna.jna-4.1.0.jar
7fcc58e1f000-7fcc58e2e000 r--s 00081000 fd:00 1325259                    /home/sgeorgiou/GitHub/SEMTs_Comparisson/powerapi-cli/lib/joda-time.joda-time-2.7.jar
7fcc58e2e000-7fcc58e32000 r--s 0002c000 fd:00 1325249                    /home/sgeorgiou/GitHub/SEMTs_Comparisson/powerapi-cli/lib/com.github.nscala-time.nscala-time_2.11-2.0.0.jar
7fcc58e32000-7fcc58e36000 r--s 00042000 fd:00 1324043                    /home/sgeorgiou/GitHub/SEMTs_Comparisson/powerapi-cli/lib/io.spray.spray-json_2.11-1.3.2.jar
7fcc58e36000-7fcc58e56000 r--s 00114000 fd:00 1325247                    /home/sgeorgiou/GitHub/SEMTs_Comparisson/powerapi-cli/lib/com.chuusai.shapeless_2.11-1.2.4.jar
7fcc58e56000-7fcc58e6b000 r--s 000ef000 fd:00 1325257                    /home/sgeorgiou/GitHub/SEMTs_Comparisson/powerapi-cli/lib/io.spray.spray-routing_2.11-1.3.3.jar
7fcc58e6b000-7fcc58e6d000 r--s 0000e000 fd:00 1325285                    /home/sgeorgiou/GitHub/SEMTs_Comparisson/powerapi-cli/lib/org.jvnet.mimepull.mimepull-1.9.5.jar
7fcc58e6d000-7fcc58e78000 r--s 00094000 fd:00 1325289                    /home/sgeorgiou/GitHub/SEMTs_Comparisson/powerapi-cli/lib/org.scala-lang.modules.scala-xml_2.11-1.0.3.jar
7fcc58e78000-7fcc58e82000 r--s 00061000 fd:00 1325255                    /home/sgeorgiou/GitHub/SEMTs_Comparisson/powerapi-cli/lib/io.spray.spray-httpx_2.11-1.3.3.jar
7fcc58e82000-7fcc58e84000 r--s 00009000 fd:00 1325253                    /home/sgeorgiou/GitHub/SEMTs_Comparisson/powerapi-cli/lib/io.spray.spray-client_2.11-1.3.3.jar
7fcc58e84000-7fcc58e89000 r--s 00029000 fd:00 1325286                    /home/sgeorgiou/GitHub/SEMTs_Comparisson/powerapi-cli/lib/org.parboiled.parboiled-core-1.1.7.jar
7fcc58e89000-7fcc58e8d000 r--s 00035000 fd:00 1325287                    /home/sgeorgiou/GitHub/SEMTs_Comparisson/powerapi-cli/lib/org.parboiled.parboiled-scala_2.11-1.1.7.jar
7fcc58e8d000-7fcc58eaa000 r--s 00152000 fd:00 1325254                    /home/sgeorgiou/GitHub/SEMTs_Comparisson/powerapi-cli/lib/io.spray.spray-http_2.11-1.3.3.jar
7fcc58eaa000-7fcc58ead000 r--s 0001d000 fd:00 1325258                    /home/sgeorgiou/GitHub/SEMTs_Comparisson/powerapi-cli/lib/io.spray.spray-util_2.11-1.3.3.jar
7fcc58ead000-7fcc58eb2000 r--s 0002a000 fd:00 1325256                    /home/sgeorgiou/GitHub/SEMTs_Comparisson/powerapi-cli/lib/io.spray.spray-io_2.11-1.3.3.jar
7fcc58eb2000-7fcc58ebe000 r--s 000a4000 fd:00 1325252                    /home/sgeorgiou/GitHub/SEMTs_Comparisson/powerapi-cli/lib/io.spray.spray-can_2.11-1.3.3.jar
7fcc58ebe000-7fcc58ec5000 r--s 00062000 fd:00 1324071                    /home/sgeorgiou/GitHub/SEMTs_Comparisson/powerapi-cli/lib/org.hyperic.sigar-1.6.5.132.jar
7fcc58ec5000-7fcc58ee2000 r--s 0016a000 fd:00 1324054                    /home/sgeorgiou/GitHub/SEMTs_Comparisson/powerapi-cli/lib/org.apache.commons.commons-math3-3.1.1.jar
7fcc58ee2000-7fcc58ef0000 r--s 0007f000 fd:00 1324035                    /home/sgeorgiou/GitHub/SEMTs_Comparisson/powerapi-cli/lib/commons-collections.commons-collections-3.2.1.jar
7fcc58ef0000-7fcc58ef4000 r--s 0002a000 fd:00 1324037                    /home/sgeorgiou/GitHub/SEMTs_Comparisson/powerapi-cli/lib/commons-io.commons-io-2.4.jar
7fcc58ef4000-7fcc58ef6000 r--s 0000d000 fd:00 1325251                    /home/sgeorgiou/GitHub/SEMTs_Comparisson/powerapi-cli/lib/commons-logging.commons-logging-1.1.1.jar
7fcc58ef6000-7fcc58efb000 r--s 00041000 fd:00 1324038                    /home/sgeorgiou/GitHub/SEMTs_Comparisson/powerapi-cli/lib/commons-lang.commons-lang-2.6.jar
7fcc58efb000-7fcc58f02000 r--s 00050000 fd:00 1324036                    /home/sgeorgiou/GitHub/SEMTs_Comparisson/powerapi-cli/lib/commons-configuration.commons-configuration-1.8.jar
7fcc58f02000-7fcc58f0b000 r--s 0006f000 fd:00 1324050                    /home/sgeorgiou/GitHub/SEMTs_Comparisson/powerapi-cli/lib/log4j.log4j-1.2.17.jar
7fcc58f0b000-7fcc58f14000 r--s 00051000 fd:00 1324013                    /home/sgeorgiou/GitHub/SEMTs_Comparisson/powerapi-cli/lib/ch.qos.logback.logback-core-1.0.9.jar
7fcc58f14000-7fcc58f19000 r--s 00039000 fd:00 1324012                    /home/sgeorgiou/GitHub/SEMTs_Comparisson/powerapi-cli/lib/ch.qos.logback.logback-classic-1.0.9.jar
7fcc58f19000-7fcc58f1b000 r--s 0000f000 fd:00 1324027                    /home/sgeorgiou/GitHub/SEMTs_Comparisson/powerapi-cli/lib/com.martiansoftware.jsap-2.1.jar
7fcc58f1b000-7fcc58f20000 r--s 0005c000 fd:00 1324044                    /home/sgeorgiou/GitHub/SEMTs_Comparisson/powerapi-cli/lib/it.unimi.dsi.dsiutils-2.0.15.jar
7fcc58f20000-7fcc59045000 r--s 00ec4000 fd:00 1324045                    /home/sgeorgiou/GitHub/SEMTs_Comparisson/powerapi-cli/lib/it.unimi.dsi.fastutil-6.5.4.jar
7fcc59045000-7fcc59058000 r--s 000df000 fd:00 1324053                    /home/sgeorgiou/GitHub/SEMTs_Comparisson/powerapi-cli/lib/org.apache.commons.commons-math-2.2.jar
7fcc59058000-7fcc5905e000 r--s 00045000 fd:00 1324025                    /home/sgeorgiou/GitHub/SEMTs_Comparisson/powerapi-cli/lib/com.googlecode.efficient-java-matrix-library.ejml-0.19.jar
7fcc5905e000-7fcc59062000 r--s 0001d000 fd:00 1324081                    /home/sgeorgiou/GitHub/SEMTs_Comparisson/powerapi-cli/lib/org.scala-saddle.google-rfc-2445-20110304.jar
7fcc59062000-7fcc59098000 r--s 00294000 fd:00 1325291                    /home/sgeorgiou/GitHub/SEMTs_Comparisson/powerapi-cli/lib/org.scala-saddle.saddle-core_2.11-1.3.3.jar
7fcc59098000-7fcc5909e000 r--s 0004b000 fd:00 1324074                    /home/sgeorgiou/GitHub/SEMTs_Comparisson/powerapi-cli/lib/org.jfree.jcommon-1.0.23.jar
7fcc5909e000-7fcc590af000 r--s 0016e000 fd:00 1324075                    /home/sgeorgiou/GitHub/SEMTs_Comparisson/powerapi-cli/lib/org.jfree.jfreechart-1.0.19.jar
7fcc590af000-7fcc590b6000 r--s 00057000 fd:00 1324021                    /home/sgeorgiou/GitHub/SEMTs_Comparisson/powerapi-cli/lib/com.github.scala-incubator.io.scala-io-file_2.11-0.4.3.jar
7fcc590b6000-7fcc590c1000 r--s 0005c000 fd:00 1324078                    /home/sgeorgiou/GitHub/SEMTs_Comparisson/powerapi-cli/lib/org.scala-lang.modules.scala-parser-combinators_2.11-1.0.1.jar
7fcc590c1000-7fcc590d5000 r--s 0011a000 fd:00 1324020                    /home/sgeorgiou/GitHub/SEMTs_Comparisson/powerapi-cli/lib/com.github.scala-incubator.io.scala-io-core_2.11-0.4.3.jar
7fcc590d5000-7fcc590e4000 r--s 000e1000 fd:00 1324022                    /home/sgeorgiou/GitHub/SEMTs_Comparisson/powerapi-cli/lib/com.google.android.tools.dx-1.7.jar
7fcc590e4000-7fcc590ed000 r--s 000dc000 fd:00 1324028                    /home/sgeorgiou/GitHub/SEMTs_Comparisson/powerapi-cli/lib/com.nativelibs4java.bridj-0.7.0.jar
7fcc590ed000-7fcc59114000 r--s 0025c000 fd:00 1325250                    /home/sgeorgiou/GitHub/SEMTs_Comparisson/powerapi-cli/lib/com.typesafe.akka.akka-actor_2.11-2.3.11.jar
7fcc59114000-7fcc59125000 r--s 000b9000 fd:00 1325284                    /home/sgeorgiou/GitHub/SEMTs_Comparisson/powerapi-cli/lib/org.apache.logging.log4j.log4j-core-2.3.jar
7fcc59125000-7fcc59128000 ---p 00000000 00:00 0 
7fcc59128000-7fcc59226000 rw-p 00000000 00:00 0 
7fcc59226000-7fcc59229000 ---p 00000000 00:00 0 
7fcc59229000-7fcc5925f000 rw-p 00000000 00:00 0 
7fcc5925f000-7fcc59260000 ---p 00000000 00:00 0 
7fcc59260000-7fcc59360000 rw-p 00000000 00:00 0 
7fcc59360000-7fcc59363000 ---p 00000000 00:00 0 
7fcc59363000-7fcc59461000 rw-p 00000000 00:00 0 
7fcc59461000-7fcc60000000 r--p 00000000 fd:00 4726260                    /usr/lib/locale/locale-archive
7fcc60000000-7fcc60021000 rw-p 00000000 00:00 0 
7fcc60021000-7fcc64000000 ---p 00000000 00:00 0 
7fcc64000000-7fcc64021000 rw-p 00000000 00:00 0 
7fcc64021000-7fcc68000000 ---p 00000000 00:00 0 
7fcc68000000-7fcc68021000 rw-p 00000000 00:00 0 
7fcc68021000-7fcc6c000000 ---p 00000000 00:00 0 
7fcc6c000000-7fcc6c021000 rw-p 00000000 00:00 0 
7fcc6c021000-7fcc70000000 ---p 00000000 00:00 0 
7fcc70000000-7fcc70021000 rw-p 00000000 00:00 0 
7fcc70021000-7fcc74000000 ---p 00000000 00:00 0 
7fcc74000000-7fcc74021000 rw-p 00000000 00:00 0 
7fcc74021000-7fcc78000000 ---p 00000000 00:00 0 
7fcc78000000-7fcc78021000 rw-p 00000000 00:00 0 
7fcc78021000-7fcc7c000000 ---p 00000000 00:00 0 
7fcc7c000000-7fcc7c002000 r--s 00008000 fd:00 1324076                    /home/sgeorgiou/GitHub/SEMTs_Comparisson/powerapi-cli/lib/org.joda.joda-convert-1.2.jar
7fcc7c002000-7fcc7c004000 r--s 00005000 fd:00 1324079                    /home/sgeorgiou/GitHub/SEMTs_Comparisson/powerapi-cli/lib/org.scala-lang.plugins.scala-continuations-library_2.11-1.0.1.jar
7fcc7c004000-7fcc7c05d000 r--s 004f6000 fd:00 1325290                    /home/sgeorgiou/GitHub/SEMTs_Comparisson/powerapi-cli/lib/org.scala-lang.scala-library-2.11.6.jar
7fcc7c05d000-7fcc7c060000 ---p 00000000 00:00 0 
7fcc7c060000-7fcc7c15e000 rw-p 00000000 00:00 0 
7fcc7c15e000-7fcc7c161000 ---p 00000000 00:00 0 
7fcc7c161000-7fcc7c25f000 rw-p 00000000 00:00 0 
7fcc7c25f000-7fcc7c262000 ---p 00000000 00:00 0 
7fcc7c262000-7fcc7c360000 rw-p 00000000 00:00 0 
7fcc7c360000-7fcc7c363000 ---p 00000000 00:00 0 
7fcc7c363000-7fcc7c461000 rw-p 00000000 00:00 0 
7fcc7c461000-7fcc7c464000 ---p 00000000 00:00 0 
7fcc7c464000-7fcc7c562000 rw-p 00000000 00:00 0 
7fcc7c562000-7fcc7c565000 ---p 00000000 00:00 0 
7fcc7c565000-7fcc7c663000 rw-p 00000000 00:00 0 
7fcc7c663000-7fcc7c664000 ---p 00000000 00:00 0 
7fcc7c664000-7fcc81000000 rw-p 00000000 00:00 0 
7fcc81000000-7fcc81430000 rwxp 00000000 00:00 0 
7fcc81430000-7fcc90000000 ---p 00000000 00:00 0 
7fcc90000000-7fcc90ae6000 rw-p 00000000 00:00 0 
7fcc90ae6000-7fcc94000000 ---p 00000000 00:00 0 
7fcc94000000-7fcc94003000 r--s 00010000 fd:00 1324026                    /home/sgeorgiou/GitHub/SEMTs_Comparisson/powerapi-cli/lib/com.madgag.scala-arm_2.11-1.3.3.jar
7fcc94003000-7fcc94007000 r--s 00032000 fd:00 1324033                    /home/sgeorgiou/GitHub/SEMTs_Comparisson/powerapi-cli/lib/com.typesafe.config-1.2.1.jar
7fcc94007000-7fcc9400b000 r--s 0001e000 fd:00 1325283                    /home/sgeorgiou/GitHub/SEMTs_Comparisson/powerapi-cli/lib/org.apache.logging.log4j.log4j-api-2.3.jar
7fcc9400b000-7fcc944bf000 rw-p 00000000 00:00 0 
7fcc944bf000-7fcc9468d000 r--s 043e2000 fd:00 4860875                    /usr/lib/jvm/java-1.8.0-openjdk-1.8.0.131-1.b12.fc25.x86_64/jre/lib/rt.jar
7fcc9468d000-7fcc952da000 rw-p 00000000 00:00 0 
7fcc952da000-7fcc952db000 ---p 00000000 00:00 0 
7fcc952db000-7fcc953db000 rw-p 00000000 00:00 0 
7fcc953db000-7fcc953dc000 ---p 00000000 00:00 0 
7fcc953dc000-7fcc954dc000 rw-p 00000000 00:00 0 
7fcc954dc000-7fcc954dd000 ---p 00000000 00:00 0 
7fcc954dd000-7fcc955dd000 rw-p 00000000 00:00 0 
7fcc955dd000-7fcc955de000 ---p 00000000 00:00 0 
7fcc955de000-7fcc95708000 rw-p 00000000 00:00 0 
7fcc95708000-7fcc9596e000 ---p 00000000 00:00 0 
7fcc9596e000-7fcc95998000 rw-p 00000000 00:00 0 
7fcc95998000-7fcc95bfd000 ---p 00000000 00:00 0 
7fcc95bfd000-7fcc95c22000 rw-p 00000000 00:00 0 
7fcc95c22000-7fcc95d45000 ---p 00000000 00:00 0 
7fcc95d45000-7fcc95d57000 rw-p 00000000 00:00 0 
7fcc95d57000-7fcc96106000 ---p 00000000 00:00 0 
7fcc96106000-7fcc9610e000 r-xp 00000000 fd:00 409452                     /usr/lib/jvm/java-1.8.0-openjdk-1.8.0.131-1.b12.fc25.x86_64/jre/lib/amd64/libzip.so
7fcc9610e000-7fcc9630d000 ---p 00008000 fd:00 409452                     /usr/lib/jvm/java-1.8.0-openjdk-1.8.0.131-1.b12.fc25.x86_64/jre/lib/amd64/libzip.so
7fcc9630d000-7fcc9630e000 r--p 00007000 fd:00 409452                     /usr/lib/jvm/java-1.8.0-openjdk-1.8.0.131-1.b12.fc25.x86_64/jre/lib/amd64/libzip.so
7fcc9630e000-7fcc9630f000 rw-p 00000000 00:00 0 
7fcc9630f000-7fcc96319000 r-xp 00000000 fd:00 4725739                    /usr/lib64/libnss_files-2.24.so
7fcc96319000-7fcc96519000 ---p 0000a000 fd:00 4725739                    /usr/lib64/libnss_files-2.24.so
7fcc96519000-7fcc9651a000 r--p 0000a000 fd:00 4725739                    /usr/lib64/libnss_files-2.24.so
7fcc9651a000-7fcc9651b000 rw-p 0000b000 fd:00 4725739                    /usr/lib64/libnss_files-2.24.so
7fcc9651b000-7fcc96521000 rw-p 00000000 00:00 0 
7fcc96521000-7fcc9654e000 r-xp 00000000 fd:00 409434                     /usr/lib/jvm/java-1.8.0-openjdk-1.8.0.131-1.b12.fc25.x86_64/jre/lib/amd64/libjava.so
7fcc9654e000-7fcc9674e000 ---p 0002d000 fd:00 409434                     /usr/lib/jvm/java-1.8.0-openjdk-1.8.0.131-1.b12.fc25.x86_64/jre/lib/amd64/libjava.so
7fcc9674e000-7fcc9674f000 r--p 0002d000 fd:00 409434                     /usr/lib/jvm/java-1.8.0-openjdk-1.8.0.131-1.b12.fc25.x86_64/jre/lib/amd64/libjava.so
7fcc9674f000-7fcc96750000 rw-p 0002e000 fd:00 409434                     /usr/lib/jvm/java-1.8.0-openjdk-1.8.0.131-1.b12.fc25.x86_64/jre/lib/amd64/libjava.so
7fcc96750000-7fcc96751000 rw-p 00000000 00:00 0 
7fcc96751000-7fcc9675e000 r-xp 00000000 fd:00 409451                     /usr/lib/jvm/java-1.8.0-openjdk-1.8.0.131-1.b12.fc25.x86_64/jre/lib/amd64/libverify.so
7fcc9675e000-7fcc9695d000 ---p 0000d000 fd:00 409451                     /usr/lib/jvm/java-1.8.0-openjdk-1.8.0.131-1.b12.fc25.x86_64/jre/lib/amd64/libverify.so
7fcc9695d000-7fcc9695f000 r--p 0000c000 fd:00 409451                     /usr/lib/jvm/java-1.8.0-openjdk-1.8.0.131-1.b12.fc25.x86_64/jre/lib/amd64/libverify.so
7fcc9695f000-7fcc96960000 rw-p 00000000 00:00 0 
7fcc96960000-7fcc96967000 r-xp 00000000 fd:00 4725745                    /usr/lib64/librt-2.24.so
7fcc96967000-7fcc96b66000 ---p 00007000 fd:00 4725745                    /usr/lib64/librt-2.24.so
7fcc96b66000-7fcc96b67000 r--p 00006000 fd:00 4725745                    /usr/lib64/librt-2.24.so
7fcc96b67000-7fcc96b68000 rw-p 00007000 fd:00 4725745                    /usr/lib64/librt-2.24.so
7fcc96b68000-7fcc96b7e000 r-xp 00000000 fd:00 4729465                    /usr/lib64/libgcc_s-6.3.1-20161221.so.1
7fcc96b7e000-7fcc96d7d000 ---p 00016000 fd:00 4729465                    /usr/lib64/libgcc_s-6.3.1-20161221.so.1
7fcc96d7d000-7fcc96d7e000 r--p 00015000 fd:00 4729465                    /usr/lib64/libgcc_s-6.3.1-20161221.so.1
7fcc96d7e000-7fcc96d7f000 rw-p 00016000 fd:00 4729465                    /usr/lib64/libgcc_s-6.3.1-20161221.so.1
7fcc96d7f000-7fcc96e87000 r-xp 00000000 fd:00 4725731                    /usr/lib64/libm-2.24.so
7fcc96e87000-7fcc97086000 ---p 00108000 fd:00 4725731                    /usr/lib64/libm-2.24.so
7fcc97086000-7fcc97087000 r--p 00107000 fd:00 4725731                    /usr/lib64/libm-2.24.so
7fcc97087000-7fcc97088000 rw-p 00108000 fd:00 4725731                    /usr/lib64/libm-2.24.so
7fcc97088000-7fcc97200000 r-xp 00000000 fd:00 4727127                    /usr/lib64/libstdc++.so.6.0.22
7fcc97200000-7fcc97400000 ---p 00178000 fd:00 4727127                    /usr/lib64/libstdc++.so.6.0.22
7fcc97400000-7fcc9740a000 r--p 00178000 fd:00 4727127                    /usr/lib64/libstdc++.so.6.0.22
7fcc9740a000-7fcc9740c000 rw-p 00182000 fd:00 4727127                    /usr/lib64/libstdc++.so.6.0.22
7fcc9740c000-7fcc97410000 rw-p 00000000 00:00 0 
7fcc97410000-7fcc98126000 r-xp 00000000 fd:00 539988                     /usr/lib/jvm/java-1.8.0-openjdk-1.8.0.131-1.b12.fc25.x86_64/jre/lib/amd64/server/libjvm.so
7fcc98126000-7fcc98326000 ---p 00d16000 fd:00 539988                     /usr/lib/jvm/java-1.8.0-openjdk-1.8.0.131-1.b12.fc25.x86_64/jre/lib/amd64/server/libjvm.so
7fcc98326000-7fcc983c1000 r--p 00d16000 fd:00 539988                     /usr/lib/jvm/java-1.8.0-openjdk-1.8.0.131-1.b12.fc25.x86_64/jre/lib/amd64/server/libjvm.so
7fcc983c1000-7fcc983ea000 rw-p 00db1000 fd:00 539988                     /usr/lib/jvm/java-1.8.0-openjdk-1.8.0.131-1.b12.fc25.x86_64/jre/lib/amd64/server/libjvm.so
7fcc983ea000-7fcc9841a000 rw-p 00000000 00:00 0 
7fcc9841a000-7fcc985d6000 r-xp 00000000 fd:00 4725725                    /usr/lib64/libc-2.24.so
7fcc985d6000-7fcc987d6000 ---p 001bc000 fd:00 4725725                    /usr/lib64/libc-2.24.so
7fcc987d6000-7fcc987da000 r--p 001bc000 fd:00 4725725                    /usr/lib64/libc-2.24.so
7fcc987da000-7fcc987dc000 rw-p 001c0000 fd:00 4725725                    /usr/lib64/libc-2.24.so
7fcc987dc000-7fcc987e0000 rw-p 00000000 00:00 0 
7fcc987e0000-7fcc987e3000 r-xp 00000000 fd:00 4725729                    /usr/lib64/libdl-2.24.so
7fcc987e3000-7fcc989e2000 ---p 00003000 fd:00 4725729                    /usr/lib64/libdl-2.24.so
7fcc989e2000-7fcc989e3000 r--p 00002000 fd:00 4725729                    /usr/lib64/libdl-2.24.so
7fcc989e3000-7fcc989e4000 rw-p 00003000 fd:00 4725729                    /usr/lib64/libdl-2.24.so
7fcc989e4000-7fcc989f1000 r-xp 00000000 fd:00 539984                     /usr/lib/jvm/java-1.8.0-openjdk-1.8.0.131-1.b12.fc25.x86_64/jre/lib/amd64/jli/libjli.so
7fcc989f1000-7fcc98bf1000 ---p 0000d000 fd:00 539984                     /usr/lib/jvm/java-1.8.0-openjdk-1.8.0.131-1.b12.fc25.x86_64/jre/lib/amd64/jli/libjli.so
7fcc98bf1000-7fcc98bf2000 r--p 0000d000 fd:00 539984                     /usr/lib/jvm/java-1.8.0-openjdk-1.8.0.131-1.b12.fc25.x86_64/jre/lib/amd64/jli/libjli.so
7fcc98bf2000-7fcc98bf3000 rw-p 00000000 00:00 0 
7fcc98bf3000-7fcc98c08000 r-xp 00000000 fd:00 4728560                    /usr/lib64/libz.so.1.2.8
7fcc98c08000-7fcc98e07000 ---p 00015000 fd:00 4728560                    /usr/lib64/libz.so.1.2.8
7fcc98e07000-7fcc98e08000 r--p 00014000 fd:00 4728560                    /usr/lib64/libz.so.1.2.8
7fcc98e08000-7fcc98e09000 rw-p 00015000 fd:00 4728560                    /usr/lib64/libz.so.1.2.8
7fcc98e09000-7fcc98e21000 r-xp 00000000 fd:00 4725741                    /usr/lib64/libpthread-2.24.so
7fcc98e21000-7fcc99021000 ---p 00018000 fd:00 4725741                    /usr/lib64/libpthread-2.24.so
7fcc99021000-7fcc99022000 r--p 00018000 fd:00 4725741                    /usr/lib64/libpthread-2.24.so
7fcc99022000-7fcc99023000 rw-p 00019000 fd:00 4725741                    /usr/lib64/libpthread-2.24.so
7fcc99023000-7fcc99027000 rw-p 00000000 00:00 0 
7fcc99027000-7fcc9904d000 r-xp 00000000 fd:00 4725652                    /usr/lib64/ld-2.24.so
7fcc9904d000-7fcc9904e000 r--s 0000b000 fd:00 1324041                    /home/sgeorgiou/GitHub/SEMTs_Comparisson/powerapi-cli/lib/fr.inria.powerspy.powerspy-core_2.11-1.2.jar
7fcc9904e000-7fcc99057000 r--s 000d2000 fd:00 1324042                    /home/sgeorgiou/GitHub/SEMTs_Comparisson/powerapi-cli/lib/fusejna.jar
7fcc99057000-7fcc99122000 rw-p 00000000 00:00 0 
7fcc99122000-7fcc99125000 ---p 00000000 00:00 0 
7fcc99125000-7fcc99227000 rw-p 00000000 00:00 0 
7fcc99227000-7fcc99229000 r--s 00010000 fd:00 1324049                    /home/sgeorgiou/GitHub/SEMTs_Comparisson/powerapi-cli/lib/libpfm.jar
7fcc99229000-7fcc9922e000 r--s 00081000 fd:00 1324010                    /home/sgeorgiou/GitHub/SEMTs_Comparisson/powerapi-cli/lib/bluecove-2.1.0.jar
7fcc9922e000-7fcc9922f000 r--s 00015000 fd:00 1324011                    /home/sgeorgiou/GitHub/SEMTs_Comparisson/powerapi-cli/lib/bluecove-gpl-2.1.0.jar
7fcc9922f000-7fcc9923e000 r--s 000ba000 fd:00 1325288                    /home/sgeorgiou/GitHub/SEMTs_Comparisson/powerapi-cli/lib/org.powerapi.powerapi-core-3.4.jar
7fcc9923e000-7fcc99240000 r--s 00009000 fd:00 1325292                    /home/sgeorgiou/GitHub/SEMTs_Comparisson/powerapi-cli/lib/powerapi-cli.powerapi-cli-3.4.jar
7fcc99240000-7fcc99248000 rw-s 00000000 00:29 249337                     /tmp/hsperfdata_sgeorgiou/14683
7fcc99248000-7fcc99249000 rw-p 00000000 00:00 0 
7fcc99249000-7fcc9924a000 ---p 00000000 00:00 0 
7fcc9924a000-7fcc9924c000 rw-p 00000000 00:00 0 
7fcc9924c000-7fcc9924d000 r--p 00025000 fd:00 4725652                    /usr/lib64/ld-2.24.so
7fcc9924d000-7fcc9924e000 rw-p 00026000 fd:00 4725652                    /usr/lib64/ld-2.24.so
7fcc9924e000-7fcc9924f000 rw-p 00000000 00:00 0 
7ffd38a5a000-7ffd38a7e000 rw-p 00000000 00:00 0                          [stack]
7ffd38bb8000-7ffd38bba000 r--p 00000000 00:00 0                          [vvar]
7ffd38bba000-7ffd38bbc000 r-xp 00000000 00:00 0                          [vdso]
ffffffffff600000-ffffffffff601000 r-xp 00000000 00:00 0                  [vsyscall]

VM Arguments:
java_command: org.powerapi.app.PowerAPI modules procfs-cpu-simple monitor --frequency 1000 --pids 14678 --agg max --console duration 50
java_class_path (initial): /home/sgeorgiou/GitHub/SEMTs_Comparisson/powerapi-cli/lib/powerapi-cli.powerapi-cli-3.4.jar:/home/sgeorgiou/GitHub/SEMTs_Comparisson/powerapi-cli/lib/org.powerapi.powerapi-core-3.4.jar:/home/sgeorgiou/GitHub/SEMTs_Comparisson/powerapi-cli/lib/bluecove-gpl-2.1.0.jar:/home/sgeorgiou/GitHub/SEMTs_Comparisson/powerapi-cli/lib/bluecove-2.1.0.jar:/home/sgeorgiou/GitHub/SEMTs_Comparisson/powerapi-cli/lib/libsigar-x86-linux.so:/home/sgeorgiou/GitHub/SEMTs_Comparisson/powerapi-cli/lib/libsigar-ppc-aix-5.so:/home/sgeorgiou/GitHub/SEMTs_Comparisson/powerapi-cli/lib/sigar-amd64-winnt.dll:/home/sgeorgiou/GitHub/SEMTs_Comparisson/powerapi-cli/lib/libsigar-amd64-linux.so:/home/sgeorgiou/GitHub/SEMTs_Comparisson/powerapi-cli/lib/sigar-x86-winnt.dll:/home/sgeorgiou/GitHub/SEMTs_Comparisson/powerapi-cli/lib/libsigar-x86-freebsd-6.so:/home/sgeorgiou/GitHub/SEMTs_Comparisson/powerapi-cli/lib/libpfm.jar:/home/sgeorgiou/GitHub/SEMTs_Comparisson/powerapi-cli/lib/libsigar-x86-freebsd-5.so:/home/sgeorgiou/GitHub/SEMTs_Comparisson/powerapi-cli/lib/fusejna.jar:/home/sgeorgiou/GitHub/SEMTs_Comparisson/powerapi-cli/lib/libsigar-arm-linux.so:/home/sgeorgiou/GitHub/SEMTs_Comparisson/powerapi-cli/lib/libsigar-x86-solaris.so:/home/sgeorgiou/GitHub/SEMTs_Comparisson/powerapi-cli/lib/libsigar-ppc64-aix-5.so:/home/sgeorgiou/GitHub/SEMTs_Comparisson/powerapi-cli/lib/libsigar-ia64-linux.so:/home/sgeorgiou/GitHub/SEMTs_Comparisson/powerapi-cli/lib/libsigar-sparc64-solaris.so:/home/sgeorgiou/GitHub/SEMTs_Comparisson/powerapi-cli/lib/libsigar-s390x-linux.so:/home/sgeorgiou/GitHub/SEMTs_Comparisson/powerapi-cli/lib/libsigar-amd64-solaris.so:/home/sgeorgiou/GitHub/SEMTs_Comparisson/powerapi-cli/lib/libsigar-amd64-freebsd-6.so:/home/sgeorgiou/GitHub/SEMTs_Comparisson/powerapi-cli/lib/libsigar-ppc64-linux.so:/home/sgeorgiou/GitHub/SEMTs_Comparisson/powerapi-cli/lib/libsigar-sparc-solaris.so:/home/sgeorgiou/GitHub/SEMTs_Comparisson/powerapi-cli/lib/libsigar-ppc-linux.so:/home/sgeorg
Launcher Type: SUN_STANDARD

Environment Variables:
PATH=/home/sgeorgiou/bin/swift/usr/bin:/home/sgeorgiou/bin/swift/usr/bin:/usr/lib64/qt-3.3/bin:/usr/lib64/ccache:/usr/local/bin:/usr/local/sbin:/usr/bin:/usr/sbin:/home/sgeorgiou/.local/bin:/home/sgeorgiou/bin
USERNAME=sgeorgiou
LD_LIBRARY_PATH=:/usr/local/lib:/usr/local/lib
SHELL=/bin/bash
DISPLAY=:0

Signal Handlers:
SIGSEGV: [libjvm.so+0xb1b2a0], sa_mask[0]=11111111011111111101111111111110, sa_flags=SA_RESTART|SA_SIGINFO
SIGBUS: [libjvm.so+0xb1b2a0], sa_mask[0]=11111111011111111101111111111110, sa_flags=SA_RESTART|SA_SIGINFO
SIGFPE: [libjvm.so+0x8ec1f0], sa_mask[0]=11111111011111111101111111111110, sa_flags=SA_RESTART|SA_SIGINFO
SIGPIPE: [libjvm.so+0x8ec1f0], sa_mask[0]=11111111011111111101111111111110, sa_flags=SA_RESTART|SA_SIGINFO
SIGXFSZ: [libjvm.so+0x8ec1f0], sa_mask[0]=11111111011111111101111111111110, sa_flags=SA_RESTART|SA_SIGINFO
SIGILL: [libjvm.so+0x8ec1f0], sa_mask[0]=11111111011111111101111111111110, sa_flags=SA_RESTART|SA_SIGINFO
SIGUSR1: SIG_DFL, sa_mask[0]=00000000000000000000000000000000, sa_flags=none
SIGUSR2: [libjvm.so+0x8ec0a0], sa_mask[0]=00000000000000000000000000000000, sa_flags=SA_RESTART|SA_SIGINFO
SIGHUP: [libjvm.so+0x8ec550], sa_mask[0]=11111111011111111101111111111110, sa_flags=SA_RESTART|SA_SIGINFO
SIGINT: [libjvm.so+0x8ec550], sa_mask[0]=11111111011111111101111111111110, sa_flags=SA_RESTART|SA_SIGINFO
SIGTERM: [libjvm.so+0x8ec550], sa_mask[0]=11111111011111111101111111111110, sa_flags=SA_RESTART|SA_SIGINFO
SIGQUIT: [libjvm.so+0x8ec550], sa_mask[0]=11111111011111111101111111111110, sa_flags=SA_RESTART|SA_SIGINFO


---------------  S Y S T E M  ---------------

OS:Fedora release 25 (Twenty Five)

uname:Linux 4.11.5-200.fc25.x86_64 #1 SMP Wed Jun 14 17:17:29 UTC 2017 x86_64
libc:glibc 2.24 NPTL 2.24 
rlimit: STACK 8192k, CORE infinity, NPROC 31361, NOFILE 4096, AS infinity
load average:3.19 2.61 2.22

/proc/meminfo:
MemTotal:        8052584 kB
MemFree:          119280 kB
MemAvailable:      25392 kB
Buffers:             588 kB
Cached:           533316 kB
SwapCached:          284 kB
Active:          6620216 kB
Inactive:         942040 kB
Active(anon):    6602704 kB
Inactive(anon):   922376 kB
Active(file):      17512 kB
Inactive(file):    19664 kB
Unevictable:         408 kB
Mlocked:             408 kB
SwapTotal:        454652 kB
SwapFree:              0 kB
Dirty:               432 kB
Writeback:             0 kB
AnonPages:       7028820 kB
Mapped:           371136 kB
Shmem:            496248 kB
Slab:             135420 kB
SReclaimable:      47096 kB
SUnreclaim:        88324 kB
KernelStack:       24400 kB
PageTables:       106140 kB
NFS_Unstable:          0 kB
Bounce:                0 kB
WritebackTmp:          0 kB
CommitLimit:     4480944 kB
Committed_AS:   21949140 kB
VmallocTotal:   34359738367 kB
VmallocUsed:           0 kB
VmallocChunk:          0 kB
HardwareCorrupted:     0 kB
AnonHugePages:         0 kB
ShmemHugePages:        0 kB
ShmemPmdMapped:        0 kB
CmaTotal:              0 kB
CmaFree:               0 kB
HugePages_Total:       0
HugePages_Free:        0
HugePages_Rsvd:        0
HugePages_Surp:        0
Hugepagesize:       2048 kB
DirectMap4k:      283632 kB
DirectMap2M:     7983104 kB
DirectMap1G:           0 kB


CPU:total 4 (initial active 4) (2 cores per cpu, 2 threads per core) family 6 model 78 stepping 3, cmov, cx8, fxsr, mmx, sse, sse2, sse3, ssse3, sse4.1, sse4.2, popcnt, avx, avx2, aes, clmul, erms, 3dnowpref, lzcnt, ht, tsc, tscinvbit, bmi1, bmi2, adx

/proc/cpuinfo:
processor	: 0
vendor_id	: GenuineIntel
cpu family	: 6
model		: 78
model name	: Intel(R) Core(TM) i7-6500U CPU @ 2.50GHz
stepping	: 3
microcode	: 0xba
cpu MHz		: 2400.000
cache size	: 4096 KB
physical id	: 0
siblings	: 4
core id		: 0
cpu cores	: 2
apicid		: 0
initial apicid	: 0
fpu		: yes
fpu_exception	: yes
cpuid level	: 22
wp		: yes
flags		: fpu vme de pse tsc msr pae mce cx8 apic sep mtrr pge mca cmov pat pse36 clflush dts acpi mmx fxsr sse sse2 ss ht tm pbe syscall nx pdpe1gb rdtscp lm constant_tsc art arch_perfmon pebs bts rep_good nopl xtopology nonstop_tsc cpuid aperfmperf tsc_known_freq pni pclmulqdq dtes64 monitor ds_cpl vmx est tm2 ssse3 sdbg fma cx16 xtpr pdcm pcid sse4_1 sse4_2 x2apic movbe popcnt tsc_deadline_timer aes xsave avx f16c rdrand lahf_lm abm 3dnowprefetch epb intel_pt tpr_shadow vnmi flexpriority ept vpid fsgsbase tsc_adjust bmi1 avx2 smep bmi2 erms invpcid mpx rdseed adx smap clflushopt xsaveopt xsavec xgetbv1 xsaves dtherm ida arat pln pts hwp hwp_notify hwp_act_window hwp_epp
bugs		:
bogomips	: 5184.00
clflush size	: 64
cache_alignment	: 64
address sizes	: 39 bits physical, 48 bits virtual
power management:

processor	: 1
vendor_id	: GenuineIntel
cpu family	: 6
model		: 78
model name	: Intel(R) Core(TM) i7-6500U CPU @ 2.50GHz
stepping	: 3
microcode	: 0xba
cpu MHz		: 2500.000
cache size	: 4096 KB
physical id	: 0
siblings	: 4
core id		: 1
cpu cores	: 2
apicid		: 2
initial apicid	: 2
fpu		: yes
fpu_exception	: yes
cpuid level	: 22
wp		: yes
flags		: fpu vme de pse tsc msr pae mce cx8 apic sep mtrr pge mca cmov pat pse36 clflush dts acpi mmx fxsr sse sse2 ss ht tm pbe syscall nx pdpe1gb rdtscp lm constant_tsc art arch_perfmon pebs bts rep_good nopl xtopology nonstop_tsc cpuid aperfmperf tsc_known_freq pni pclmulqdq dtes64 monitor ds_cpl vmx est tm2 ssse3 sdbg fma cx16 xtpr pdcm pcid sse4_1 sse4_2 x2apic movbe popcnt tsc_deadline_timer aes xsave avx f16c rdrand lahf_lm abm 3dnowprefetch epb intel_pt tpr_shadow vnmi flexpriority ept vpid fsgsbase tsc_adjust bmi1 avx2 smep bmi2 erms invpcid mpx rdseed adx smap clflushopt xsaveopt xsavec xgetbv1 xsaves dtherm ida arat pln pts hwp hwp_notify hwp_act_window hwp_epp
bugs		:
bogomips	: 5187.36
clflush size	: 64
cache_alignment	: 64
address sizes	: 39 bits physical, 48 bits virtual
power management:

processor	: 2
vendor_id	: GenuineIntel
cpu family	: 6
model		: 78
model name	: Intel(R) Core(TM) i7-6500U CPU @ 2.50GHz
stepping	: 3
microcode	: 0xba
cpu MHz		: 2500.000
cache size	: 4096 KB
physical id	: 0
siblings	: 4
core id		: 0
cpu cores	: 2
apicid		: 1
initial apicid	: 1
fpu		: yes
fpu_exception	: yes
cpuid level	: 22
wp		: yes
flags		: fpu vme de pse tsc msr pae mce cx8 apic sep mtrr pge mca cmov pat pse36 clflush dts acpi mmx fxsr sse sse2 ss ht tm pbe syscall nx pdpe1gb rdtscp lm constant_tsc art arch_perfmon pebs bts rep_good nopl xtopology nonstop_tsc cpuid aperfmperf tsc_known_freq pni pclmulqdq dtes64 monitor ds_cpl vmx est tm2 ssse3 sdbg fma cx16 xtpr pdcm pcid sse4_1 sse4_2 x2apic movbe popcnt tsc_deadline_timer aes xsave avx f16c rdrand lahf_lm abm 3dnowprefetch epb intel_pt tpr_shadow vnmi flexpriority ept vpid fsgsbase tsc_adjust bmi1 avx2 smep bmi2 erms invpcid mpx rdseed adx smap clflushopt xsaveopt xsavec xgetbv1 xsaves dtherm ida arat pln pts hwp hwp_notify hwp_act_window hwp_epp
bugs		:
bogomips	: 5188.88
clflush size	: 64
cache_alignment	: 64
address sizes	: 39 bits physical, 48 bits virtual
power management:

processor	: 3
vendor_id	: GenuineIntel
cpu family	: 6
model		: 78
model name	: Intel(R) Core(TM) i7-6500U CPU @ 2.50GHz
stepping	: 3
microcode	: 0xba
cpu MHz		: 2500.000
cache size	: 4096 KB
physical id	: 0
siblings	: 4
core id		: 1
cpu cores	: 2
apicid		: 3
initial apicid	: 3
fpu		: yes
fpu_exception	: yes
cpuid level	: 22
wp		: yes
flags		: fpu vme de pse tsc msr pae mce cx8 apic sep mtrr pge mca cmov pat pse36 clflush dts acpi mmx fxsr sse sse2 ss ht tm pbe syscall nx pdpe1gb rdtscp lm constant_tsc art arch_perfmon pebs bts rep_good nopl xtopology nonstop_tsc cpuid aperfmperf tsc_known_freq pni pclmulqdq dtes64 monitor ds_cpl vmx est tm2 ssse3 sdbg fma cx16 xtpr pdcm pcid sse4_1 sse4_2 x2apic movbe popcnt tsc_deadline_timer aes xsave avx f16c rdrand lahf_lm abm 3dnowprefetch epb intel_pt tpr_shadow vnmi flexpriority ept vpid fsgsbase tsc_adjust bmi1 avx2 smep bmi2 erms invpcid mpx rdseed adx smap clflushopt xsaveopt xsavec xgetbv1 xsaves dtherm ida arat pln pts hwp hwp_notify hwp_act_window hwp_epp
bugs		:
bogomips	: 5187.44
clflush size	: 64
cache_alignment	: 64
address sizes	: 39 bits physical, 48 bits virtual
power management:



Memory: 4k page, physical 8052584k(119280k free), swap 454652k(0k free)

vm_info: OpenJDK 64-Bit Server VM (25.131-b12) for linux-amd64 JRE (1.8.0_131-b12), built on Apr 21 2017 12:26:43 by "mockbuild" with gcc 6.3.1 20161221 (Red Hat 6.3.1-1)

time: Wed Jun 28 12:22:43 2017
elapsed time: 4 seconds (0d 0h 0m 4s)

